<?xml version="1.0" encoding="UTF-8"?>
<!-- Generated by org.testng.reporters.JUnitReportReporter -->
<testsuite hostname="Joanna" failures="0" tests="17" name="tests.QueueTestcases" time="11.111" errors="0" timestamp="2024-12-13T21:59:53 GMT-05:00" skipped="0">
  <testcase classname="tests.QueueTestcases" name="user_clicks_on_implement_queue_link" time="1.212"/>
  <testcase classname="tests.QueueTestcases" name="user_clicks_sub_implement_queue_link" time="0.575"/>
  <testcase classname="tests.QueueTestcases" name="clicksubImplementQueueTryHere" time="0.752"/>
  <testcase classname="tests.QueueTestcases" name="executeImpleQueueTryHere" time="0.878"/>
  <testcase classname="tests.QueueTestcases" name="user_clicks_on_implement_de_que_link" time="1.180"/>
  <testcase classname="tests.QueueTestcases" name="user_clicks_sub_implement_de_que_link" time="0.330"/>
  <testcase classname="tests.QueueTestcases" name="clicksubImplementDeQueueTryHere" time="0.297"/>
  <testcase classname="tests.QueueTestcases" name="executeImpleDeQueueTryHere" time="0.450"/>
  <testcase classname="tests.QueueTestcases" name="user_clicks_on_implement_array_link" time="0.871"/>
  <testcase classname="tests.QueueTestcases" name="user_clicks_Sub_implement_array_link" time="0.306"/>
  <testcase classname="tests.QueueTestcases" name="clicksubImplementArrayTryHere" time="0.424"/>
  <testcase classname="tests.QueueTestcases" name="executeImpleArrayTryHere" time="0.452"/>
  <testcase classname="tests.QueueTestcases" name="user_clicks_on_queue_operation_link" time="1.027"/>
  <testcase classname="tests.QueueTestcases" name="user_clicks_sub_queue_operation_link" time="0.416"/>
  <testcase classname="tests.QueueTestcases" name="clicksubQueueOperationsTryHere" time="0.504"/>
  <testcase classname="tests.QueueTestcases" name="executeQueueOperationsTryHere" time="0.440"/>
  <testcase classname="tests.QueueTestcases" name="user_clicks_on_queue_practise_test_link" time="0.997"/>
</testsuite> <!-- tests.QueueTestcases -->
