<?xml version="1.0" encoding="UTF-8"?>
<!-- Generated by org.testng.reporters.JUnitReportReporter -->
<testsuite hostname="Joanna" failures="0" tests="53" name="tests.TreeTestCases" time="31.579" errors="0" timestamp="2024-12-15T22:04:03 GMT-05:00" skipped="0">
  <testcase classname="tests.TreeTestCases" name="user_clicks_on_tree_overview_link" time="1.305"/>
  <testcase classname="tests.TreeTestCases" name="user_clicks_sub_tree_overview_link" time="0.298"/>
  <testcase classname="tests.TreeTestCases" name="clicksTreeOverviewLinkTryHere" time="0.718"/>
  <testcase classname="tests.TreeTestCases" name="executeTreeOverviewLinkTryHere" time="0.696"/>
  <testcase classname="tests.TreeTestCases" name="user_clicks_on_terminologies_link" time="1.117"/>
  <testcase classname="tests.TreeTestCases" name="user_clicks_sub_terminologies_link" time="0.329"/>
  <testcase classname="tests.TreeTestCases" name="clicksTreeTerminologyLinkTryHere" time="0.430"/>
  <testcase classname="tests.TreeTestCases" name="executeTreeTerminologyLinkTryHere" time="0.562"/>
  <testcase classname="tests.TreeTestCases" name="user_clicks_on_types_trees_link" time="0.977"/>
  <testcase classname="tests.TreeTestCases" name="user_clicks_sub_types_trees_link" time="0.320"/>
  <testcase classname="tests.TreeTestCases" name="clicksTreeTypesOfLinkTryHere" time="0.373"/>
  <testcase classname="tests.TreeTestCases" name="executeTreeTypesOfLinkTryHere" time="0.516"/>
  <testcase classname="tests.TreeTestCases" name="user_clicks_on_traversals_link" time="1.221"/>
  <testcase classname="tests.TreeTestCases" name="user_clicks_sub_traversals_link" time="0.313"/>
  <testcase classname="tests.TreeTestCases" name="clicksTreeTraversalLinkTryHere" time="0.320"/>
  <testcase classname="tests.TreeTestCases" name="executeTreeTraversalLinkTryHere" time="0.606"/>
  <testcase classname="tests.TreeTestCases" name="user_clicks_on_illustration_link" time="0.905"/>
  <testcase classname="tests.TreeTestCases" name="user_clicks_sub_illustration_link" time="0.291"/>
  <testcase classname="tests.TreeTestCases" name="clicksTreeIllustrationLinkTryHere" time="0.329"/>
  <testcase classname="tests.TreeTestCases" name="executeTreeIllustrationLinkTryHere" time="0.619"/>
  <testcase classname="tests.TreeTestCases" name="user_clicks_on_binary_tree_link" time="0.775"/>
  <testcase classname="tests.TreeTestCases" name="user_clicks_sub_binary_tree_link" time="0.272"/>
  <testcase classname="tests.TreeTestCases" name="clicksTreeBinaryTreeLinkTryHere" time="0.350"/>
  <testcase classname="tests.TreeTestCases" name="executeTreeBinaryTreeLinkTryHere" time="0.497"/>
  <testcase classname="tests.TreeTestCases" name="user_clicks_on_types_binary_link" time="0.934"/>
  <testcase classname="tests.TreeTestCases" name="user_clicks_sub_types_binary_link" time="0.368"/>
  <testcase classname="tests.TreeTestCases" name="clicksTreeTypesBinaryLinkTryHere" time="0.306"/>
  <testcase classname="tests.TreeTestCases" name="executeTreeTypesBinaryLinkTryHere" time="0.526"/>
  <testcase classname="tests.TreeTestCases" name="user_clicks_on_impl_python_link" time="0.868"/>
  <testcase classname="tests.TreeTestCases" name="user_clicks_sub_impl_python_link" time="0.313"/>
  <testcase classname="tests.TreeTestCases" name="clicksTreeImplPythonLinkTryHere" time="0.361"/>
  <testcase classname="tests.TreeTestCases" name="executeTreeImplPythonLinkTryHere" time="0.578"/>
  <testcase classname="tests.TreeTestCases" name="user_clicks_on_binary_traversals_link" time="0.870"/>
  <testcase classname="tests.TreeTestCases" name="user_clicks_sub_binary_traversals_link" time="0.293"/>
  <testcase classname="tests.TreeTestCases" name="clicksTreeBinaryTraversalLinkTryHere" time="0.373"/>
  <testcase classname="tests.TreeTestCases" name="executeTreeBinaryTraversalLinkTryHere" time="0.624"/>
  <testcase classname="tests.TreeTestCases" name="user_clicks_on_impl_binary_trees_link" time="0.942"/>
  <testcase classname="tests.TreeTestCases" name="user_clicks_sub_impl_binary_trees_link" time="0.362"/>
  <testcase classname="tests.TreeTestCases" name="clicksTreeImplBinaryLinkTryHere" time="0.405"/>
  <testcase classname="tests.TreeTestCases" name="executeTreeImplBinaryLinkTryHere" time="0.617"/>
  <testcase classname="tests.TreeTestCases" name="user_clicks_on_appl_binary_tree_link" time="0.850"/>
  <testcase classname="tests.TreeTestCases" name="user_clicks_sub_appl_binary_tree_link" time="0.342"/>
  <testcase classname="tests.TreeTestCases" name="clicksTreeApplBinaryLinkTryHere" time="0.451"/>
  <testcase classname="tests.TreeTestCases" name="executeTreeTreeApplBinaryLinkTryHere" time="0.594"/>
  <testcase classname="tests.TreeTestCases" name="user_clicks_on_binary_search_link" time="1.108"/>
  <testcase classname="tests.TreeTestCases" name="user_clicks_sub_binary_search_link" time="0.355"/>
  <testcase classname="tests.TreeTestCases" name="clicksTreeBinarySearchLinkTryHere" time="0.437"/>
  <testcase classname="tests.TreeTestCases" name="executeTreeBinarySearchLinkTryHere" time="0.691"/>
  <testcase classname="tests.TreeTestCases" name="user_clicks_on_impl_binary_search_link" time="0.910"/>
  <testcase classname="tests.TreeTestCases" name="user_clicks_sub_impl_binary_search_link" time="0.302"/>
  <testcase classname="tests.TreeTestCases" name="clicksTreeimplBinSearchLinkTryHere" time="0.407"/>
  <testcase classname="tests.TreeTestCases" name="executeTreeimplBinSearchLinkTryHere" time="0.657"/>
  <testcase classname="tests.TreeTestCases" name="user_clicks_on_tree_practice_questions_link" time="1.596"/>
</testsuite> <!-- tests.TreeTestCases -->
