<?xml version="1.0" encoding="UTF-8"?>
<!-- Generated by org.testng.reporters.JUnitReportReporter -->
<testsuite hostname="Joanna" failures="0" tests="4" name="tests.DSIntroTestCases" time="3.208" errors="0" timestamp="2024-12-16T14:27:10 GMT-05:00" skipped="0">
  <testcase classname="tests.DSIntroTestCases" name="DSintro" time="0.699"/>
  <testcase classname="tests.DSIntroTestCases" name="TimeComplexityLink" time="1.153"/>
  <testcase classname="tests.DSIntroTestCases" name="DSintrotryhere" time="0.711"/>
  <testcase classname="tests.DSIntroTestCases" name="executeImplementationTryHere" time="0.645"/>
</testsuite> <!-- tests.DSIntroTestCases -->
