<?xml version="1.0" encoding="UTF-8"?>
<!-- Generated by org.testng.reporters.JUnitReportReporter -->
<testsuite hostname="Joanna" failures="0" tests="17" name="tests.HomeTestCases" time="9.410" errors="0" timestamp="2024-12-16T14:27:10 GMT-05:00" skipped="0">
  <testcase classname="tests.HomeTestCases" name="VerifyBeforeLoginDSgetStarted" time="0.663"/>
  <testcase classname="tests.HomeTestCases" name="VerifyBeforeArraygetStarted" time="0.622"/>
  <testcase classname="tests.HomeTestCases" name="VerifyBeforeLinkedDSgetStarted" time="0.426"/>
  <testcase classname="tests.HomeTestCases" name="VerifyBeforeStackDSgetStarted" time="0.490"/>
  <testcase classname="tests.HomeTestCases" name="VerifyBeforeQueueDSgetStarted" time="0.505"/>
  <testcase classname="tests.HomeTestCases" name="VerifyBeforeTreeDSgetStarted" time="0.561"/>
  <testcase classname="tests.HomeTestCases" name="VerifyBeforeGraphDSgetStarted" time="0.484"/>
  <testcase classname="tests.HomeTestCases" name="clickRegisterLink" time="0.384"/>
  <testcase classname="tests.HomeTestCases" name="executeRegister" time="0.562"/>
  <testcase classname="tests.HomeTestCases" name="user_clicks_on_sign_in_link" time="1.216"/>
  <testcase classname="tests.HomeTestCases" name="clicksGetStartedButton" time="0.412"/>
  <testcase classname="tests.HomeTestCases" name="checkArrayGetStartedButton" time="0.440"/>
  <testcase classname="tests.HomeTestCases" name="checkLinkedGetStartedButton" time="0.439"/>
  <testcase classname="tests.HomeTestCases" name="checkStackGetStartedButton" time="0.554"/>
  <testcase classname="tests.HomeTestCases" name="checkQueueGetStartedButton" time="0.623"/>
  <testcase classname="tests.HomeTestCases" name="checkTreeGetStartedButton" time="0.564"/>
  <testcase classname="tests.HomeTestCases" name="checkGraphGetStartedButton" time="0.465"/>
</testsuite> <!-- tests.HomeTestCases -->
