<?xml version="1.0" encoding="UTF-8"?>
<!-- Generated by org.testng.reporters.JUnitReportReporter -->
<testsuite hostname="Joanna" failures="0" tests="9" name="tests.GraphTestCases" time="7.669" errors="0" timestamp="2024-12-16T14:57:16 GMT-05:00" skipped="0">
  <testcase classname="tests.GraphTestCases" name="user_clicks_on_graph_link" time="1.546"/>
  <testcase classname="tests.GraphTestCases" name="user_clicks_on_sub_graph_link" time="0.486"/>
  <testcase classname="tests.GraphTestCases" name="clicksGraphLinkTryHere" time="1.005"/>
  <testcase classname="tests.GraphTestCases" name="executeGraphLinkTryHere" time="0.630"/>
  <testcase classname="tests.GraphTestCases" name="user_clicks_on_graph_represent_link" time="1.171"/>
  <testcase classname="tests.GraphTestCases" name="user_clicks_on_sub_graph_represent_link" time="0.307"/>
  <testcase classname="tests.GraphTestCases" name="clicksGraphRepresentLinkTryHere" time="0.474"/>
  <testcase classname="tests.GraphTestCases" name="executeGraphRepresentLinkTryHere" time="0.558"/>
  <testcase classname="tests.GraphTestCases" name="user_clicks_on_graph_practice_test_link" time="1.492"/>
</testsuite> <!-- tests.GraphTestCases -->
