<?xml version="1.0" encoding="UTF-8"?>
<!-- Generated by org.testng.reporters.JUnitReportReporter -->
<testsuite hostname="Joanna" failures="0" tests="9" name="tests.GraphTestCases" time="6.708" errors="0" timestamp="2024-12-15T22:04:03 GMT-05:00" skipped="0">
  <testcase classname="tests.GraphTestCases" name="user_clicks_on_graph_link" time="1.160"/>
  <testcase classname="tests.GraphTestCases" name="user_clicks_on_sub_graph_link" time="0.250"/>
  <testcase classname="tests.GraphTestCases" name="clicksGraphLinkTryHere" time="0.886"/>
  <testcase classname="tests.GraphTestCases" name="executeGraphLinkTryHere" time="0.617"/>
  <testcase classname="tests.GraphTestCases" name="user_clicks_on_graph_represent_link" time="1.138"/>
  <testcase classname="tests.GraphTestCases" name="user_clicks_on_sub_graph_represent_link" time="0.279"/>
  <testcase classname="tests.GraphTestCases" name="clicksGraphRepresentLinkTryHere" time="0.461"/>
  <testcase classname="tests.GraphTestCases" name="executeGraphRepresentLinkTryHere" time="0.598"/>
  <testcase classname="tests.GraphTestCases" name="user_clicks_on_graph_practice_test_link" time="1.319"/>
</testsuite> <!-- tests.GraphTestCases -->
