<?xml version="1.0" encoding="UTF-8"?>
<!-- Generated by org.testng.reporters.JUnitReportReporter -->
<testsuite hostname="Joanna" failures="0" tests="29" name="tests.LinkedListCases" time="19.235" errors="0" timestamp="2024-12-16T14:27:10 GMT-05:00" skipped="0">
  <testcase classname="tests.LinkedListCases" name="clicksIntroductionLink" time="1.629"/>
  <testcase classname="tests.LinkedListCases" name="clicksSubIntroductionLink" time="0.516"/>
  <testcase classname="tests.LinkedListCases" name="clicksSubIntroductionLinkTryHere" time="0.966"/>
  <testcase classname="tests.LinkedListCases" name="executeSubIntroductionLinkTryHere" time="0.637"/>
  <testcase classname="tests.LinkedListCases" name="clicksCreateLinkedListLink" time="1.222"/>
  <testcase classname="tests.LinkedListCases" name="clicksSubCreatingLinkedListLink" time="0.374"/>
  <testcase classname="tests.LinkedListCases" name="clicksSubCreatingLinkTryHere" time="0.462"/>
  <testcase classname="tests.LinkedListCases" name="executeSubCreatingLinkTryHere" time="0.650"/>
  <testcase classname="tests.LinkedListCases" name="clicksTypesLinkedLink" time="1.379"/>
  <testcase classname="tests.LinkedListCases" name="clicksSubTypesOfLinkedListLink" time="0.458"/>
  <testcase classname="tests.LinkedListCases" name="clicksSubTypesOfLinkTryHere" time="0.455"/>
  <testcase classname="tests.LinkedListCases" name="executeSubTypesOfLinkTryHere" time="0.716"/>
  <testcase classname="tests.LinkedListCases" name="clicksImplementLinkedLink" time="1.169"/>
  <testcase classname="tests.LinkedListCases" name="user_clicks_on_sub_implement_link" time="0.323"/>
  <testcase classname="tests.LinkedListCases" name="clicksSubImplementLinkTryHere" time="0.338"/>
  <testcase classname="tests.LinkedListCases" name="executeSubImplementLinkTryHere" time="0.475"/>
  <testcase classname="tests.LinkedListCases" name="clicksTraversalLinkedListLink" time="1.058"/>
  <testcase classname="tests.LinkedListCases" name="user_clicks_on_traverse_sub_linked_list_link" time="0.301"/>
  <testcase classname="tests.LinkedListCases" name="clicksSubTraversalLinkTryHere" time="0.305"/>
  <testcase classname="tests.LinkedListCases" name="executeSubTraversalLinkTryHere" time="0.470"/>
  <testcase classname="tests.LinkedListCases" name="clicksInsertLinkedListLink" time="0.889"/>
  <testcase classname="tests.LinkedListCases" name="user_clicks_on_sub_insert_linked_list_link" time="0.329"/>
  <testcase classname="tests.LinkedListCases" name="clicksSubInsertLinkTryHere" time="0.346"/>
  <testcase classname="tests.LinkedListCases" name="executeInsertOfLinkTryHere" time="0.441"/>
  <testcase classname="tests.LinkedListCases" name="clicksDeleteLinkedListLink" time="0.858"/>
  <testcase classname="tests.LinkedListCases" name="user_clicks_on_sub_delete_linked_list_link" time="0.329"/>
  <testcase classname="tests.LinkedListCases" name="clicksSubDeleteLinkTryHere" time="0.345"/>
  <testcase classname="tests.LinkedListCases" name="executeSubDeleteLinkTryHere" time="0.491"/>
  <testcase classname="tests.LinkedListCases" name="user_clicks_on_sub_linked_practice_question_link" time="1.304"/>
</testsuite> <!-- tests.LinkedListCases -->
