<?xml version="1.0" encoding="UTF-8"?>
<!-- Generated by org.testng.reporters.JUnitReportReporter -->
<testsuite hostname="Joanna" failures="0" tests="29" name="tests.LinkedListCases" time="17.678" errors="0" timestamp="2024-12-15T22:04:03 GMT-05:00" skipped="0">
  <testcase classname="tests.LinkedListCases" name="clicksIntroductionLink" time="1.320"/>
  <testcase classname="tests.LinkedListCases" name="clicksSubIntroductionLink" time="0.273"/>
  <testcase classname="tests.LinkedListCases" name="clicksSubIntroductionLinkTryHere" time="0.723"/>
  <testcase classname="tests.LinkedListCases" name="executeSubIntroductionLinkTryHere" time="0.694"/>
  <testcase classname="tests.LinkedListCases" name="clicksCreateLinkedListLink" time="1.088"/>
  <testcase classname="tests.LinkedListCases" name="clicksSubCreatingLinkedListLink" time="0.288"/>
  <testcase classname="tests.LinkedListCases" name="clicksSubCreatingLinkTryHere" time="0.449"/>
  <testcase classname="tests.LinkedListCases" name="executeSubCreatingLinkTryHere" time="0.545"/>
  <testcase classname="tests.LinkedListCases" name="clicksTypesLinkedLink" time="1.047"/>
  <testcase classname="tests.LinkedListCases" name="clicksSubTypesOfLinkedListLink" time="0.357"/>
  <testcase classname="tests.LinkedListCases" name="clicksSubTypesOfLinkTryHere" time="0.394"/>
  <testcase classname="tests.LinkedListCases" name="executeSubTypesOfLinkTryHere" time="0.601"/>
  <testcase classname="tests.LinkedListCases" name="clicksImplementLinkedLink" time="1.307"/>
  <testcase classname="tests.LinkedListCases" name="user_clicks_on_sub_implement_link" time="0.352"/>
  <testcase classname="tests.LinkedListCases" name="clicksSubImplementLinkTryHere" time="0.377"/>
  <testcase classname="tests.LinkedListCases" name="executeSubImplementLinkTryHere" time="0.489"/>
  <testcase classname="tests.LinkedListCases" name="clicksTraversalLinkedListLink" time="0.966"/>
  <testcase classname="tests.LinkedListCases" name="user_clicks_on_traverse_sub_linked_list_link" time="0.337"/>
  <testcase classname="tests.LinkedListCases" name="clicksSubTraversalLinkTryHere" time="0.329"/>
  <testcase classname="tests.LinkedListCases" name="executeSubTraversalLinkTryHere" time="0.494"/>
  <testcase classname="tests.LinkedListCases" name="clicksInsertLinkedListLink" time="0.817"/>
  <testcase classname="tests.LinkedListCases" name="user_clicks_on_sub_insert_linked_list_link" time="0.292"/>
  <testcase classname="tests.LinkedListCases" name="clicksSubInsertLinkTryHere" time="0.305"/>
  <testcase classname="tests.LinkedListCases" name="executeInsertOfLinkTryHere" time="0.423"/>
  <testcase classname="tests.LinkedListCases" name="clicksDeleteLinkedListLink" time="0.988"/>
  <testcase classname="tests.LinkedListCases" name="user_clicks_on_sub_delete_linked_list_link" time="0.325"/>
  <testcase classname="tests.LinkedListCases" name="clicksSubDeleteLinkTryHere" time="0.339"/>
  <testcase classname="tests.LinkedListCases" name="executeSubDeleteLinkTryHere" time="0.475"/>
  <testcase classname="tests.LinkedListCases" name="user_clicks_on_sub_linked_practice_question_link" time="1.284"/>
</testsuite> <!-- tests.LinkedListCases -->
