<?xml version="1.0" encoding="UTF-8"?>
<!-- Generated by org.testng.reporters.JUnitReportReporter -->
<testsuite hostname="Joanna" failures="0" tests="53" name="tests.TreeTestCases" time="26.917" errors="0" timestamp="2024-12-13T21:59:53 GMT-05:00" skipped="0">
  <testcase classname="tests.TreeTestCases" name="user_clicks_on_tree_overview_link" time="1.523"/>
  <testcase classname="tests.TreeTestCases" name="user_clicks_sub_tree_overview_link" time="0.479"/>
  <testcase classname="tests.TreeTestCases" name="clicksTreeOverviewLinkTryHere" time="0.840"/>
  <testcase classname="tests.TreeTestCases" name="executeTreeOverviewLinkTryHere" time="0.832"/>
  <testcase classname="tests.TreeTestCases" name="user_clicks_on_terminologies_link" time="1.075"/>
  <testcase classname="tests.TreeTestCases" name="user_clicks_sub_terminologies_link" time="0.272"/>
  <testcase classname="tests.TreeTestCases" name="clicksTreeTerminologyLinkTryHere" time="0.326"/>
  <testcase classname="tests.TreeTestCases" name="executeTreeTerminologyLinkTryHere" time="0.468"/>
  <testcase classname="tests.TreeTestCases" name="user_clicks_on_types_trees_link" time="0.922"/>
  <testcase classname="tests.TreeTestCases" name="user_clicks_sub_types_trees_link" time="0.394"/>
  <testcase classname="tests.TreeTestCases" name="clicksTreeTypesOfLinkTryHere" time="0.331"/>
  <testcase classname="tests.TreeTestCases" name="executeTreeTypesOfLinkTryHere" time="0.354"/>
  <testcase classname="tests.TreeTestCases" name="user_clicks_on_traversals_link" time="1.221"/>
  <testcase classname="tests.TreeTestCases" name="user_clicks_sub_traversals_link" time="0.356"/>
  <testcase classname="tests.TreeTestCases" name="clicksTreeTraversalLinkTryHere" time="0.436"/>
  <testcase classname="tests.TreeTestCases" name="executeTreeTraversalLinkTryHere" time="0.389"/>
  <testcase classname="tests.TreeTestCases" name="user_clicks_on_illustration_link" time="0.731"/>
  <testcase classname="tests.TreeTestCases" name="user_clicks_sub_illustration_link" time="0.222"/>
  <testcase classname="tests.TreeTestCases" name="clicksTreeIllustrationLinkTryHere" time="0.359"/>
  <testcase classname="tests.TreeTestCases" name="executeTreeIllustrationLinkTryHere" time="0.436"/>
  <testcase classname="tests.TreeTestCases" name="user_clicks_on_binary_tree_link" time="0.697"/>
  <testcase classname="tests.TreeTestCases" name="user_clicks_sub_binary_tree_link" time="0.218"/>
  <testcase classname="tests.TreeTestCases" name="clicksTreeBinaryTreeLinkTryHere" time="0.278"/>
  <testcase classname="tests.TreeTestCases" name="executeTreeBinaryTreeLinkTryHere" time="0.333"/>
  <testcase classname="tests.TreeTestCases" name="user_clicks_on_types_binary_link" time="0.810"/>
  <testcase classname="tests.TreeTestCases" name="user_clicks_sub_types_binary_link" time="0.237"/>
  <testcase classname="tests.TreeTestCases" name="clicksTreeTypesBinaryLinkTryHere" time="0.318"/>
  <testcase classname="tests.TreeTestCases" name="executeTreeTypesBinaryLinkTryHere" time="0.360"/>
  <testcase classname="tests.TreeTestCases" name="user_clicks_on_impl_python_link" time="0.698"/>
  <testcase classname="tests.TreeTestCases" name="user_clicks_sub_impl_python_link" time="0.309"/>
  <testcase classname="tests.TreeTestCases" name="clicksTreeImplPythonLinkTryHere" time="0.297"/>
  <testcase classname="tests.TreeTestCases" name="executeTreeImplPythonLinkTryHere" time="0.447"/>
  <testcase classname="tests.TreeTestCases" name="user_clicks_on_binary_traversals_link" time="0.764"/>
  <testcase classname="tests.TreeTestCases" name="user_clicks_sub_binary_traversals_link" time="0.249"/>
  <testcase classname="tests.TreeTestCases" name="clicksTreeBinaryTraversalLinkTryHere" time="0.308"/>
  <testcase classname="tests.TreeTestCases" name="executeTreeBinaryTraversalLinkTryHere" time="0.398"/>
  <testcase classname="tests.TreeTestCases" name="user_clicks_on_impl_binary_trees_link" time="0.649"/>
  <testcase classname="tests.TreeTestCases" name="user_clicks_sub_impl_binary_trees_link" time="0.223"/>
  <testcase classname="tests.TreeTestCases" name="clicksTreeImplBinaryLinkTryHere" time="0.330"/>
  <testcase classname="tests.TreeTestCases" name="executeTreeImplBinaryLinkTryHere" time="0.416"/>
  <testcase classname="tests.TreeTestCases" name="user_clicks_on_appl_binary_tree_link" time="0.604"/>
  <testcase classname="tests.TreeTestCases" name="user_clicks_sub_appl_binary_tree_link" time="0.248"/>
  <testcase classname="tests.TreeTestCases" name="clicksTreeApplBinaryLinkTryHere" time="0.307"/>
  <testcase classname="tests.TreeTestCases" name="executeTreeTreeApplBinaryLinkTryHere" time="0.451"/>
  <testcase classname="tests.TreeTestCases" name="user_clicks_on_binary_search_link" time="0.980"/>
  <testcase classname="tests.TreeTestCases" name="user_clicks_sub_binary_search_link" time="0.320"/>
  <testcase classname="tests.TreeTestCases" name="clicksTreeBinarySearchLinkTryHere" time="0.384"/>
  <testcase classname="tests.TreeTestCases" name="executeTreeBinarySearchLinkTryHere" time="0.463"/>
  <testcase classname="tests.TreeTestCases" name="user_clicks_on_impl_binary_search_link" time="0.685"/>
  <testcase classname="tests.TreeTestCases" name="user_clicks_sub_impl_binary_search_link" time="0.261"/>
  <testcase classname="tests.TreeTestCases" name="clicksTreeimplBinSearchLinkTryHere" time="0.337"/>
  <testcase classname="tests.TreeTestCases" name="executeTreeimplBinSearchLinkTryHere" time="0.488"/>
  <testcase classname="tests.TreeTestCases" name="user_clicks_on_tree_practice_questions_link" time="1.084"/>
</testsuite> <!-- tests.TreeTestCases -->
