<?xml version="1.0" encoding="UTF-8"?>
<!-- Generated by org.testng.reporters.JUnitReportReporter -->
<testsuite hostname="Joanna" failures="0" tests="17" name="tests.HomeTestCases" time="8.781" errors="0" timestamp="2024-12-16T21:56:33 GMT-05:00" skipped="0">
  <testcase classname="tests.HomeTestCases" name="VerifyBeforeLoginDSgetStarted" time="0.450"/>
  <testcase classname="tests.HomeTestCases" name="VerifyBeforeArraygetStarted" time="0.323"/>
  <testcase classname="tests.HomeTestCases" name="VerifyBeforeLinkedDSgetStarted" time="0.345"/>
  <testcase classname="tests.HomeTestCases" name="VerifyBeforeStackDSgetStarted" time="0.433"/>
  <testcase classname="tests.HomeTestCases" name="VerifyBeforeQueueDSgetStarted" time="0.347"/>
  <testcase classname="tests.HomeTestCases" name="VerifyBeforeTreeDSgetStarted" time="0.357"/>
  <testcase classname="tests.HomeTestCases" name="VerifyBeforeGraphDSgetStarted" time="0.385"/>
  <testcase classname="tests.HomeTestCases" name="clickRegisterLink" time="0.468"/>
  <testcase classname="tests.HomeTestCases" name="executeRegister" time="0.675"/>
  <testcase classname="tests.HomeTestCases" name="user_clicks_on_sign_in_link" time="1.237"/>
  <testcase classname="tests.HomeTestCases" name="clicksGetStartedButton" time="0.435"/>
  <testcase classname="tests.HomeTestCases" name="checkArrayGetStartedButton" time="0.584"/>
  <testcase classname="tests.HomeTestCases" name="checkLinkedGetStartedButton" time="0.594"/>
  <testcase classname="tests.HomeTestCases" name="checkStackGetStartedButton" time="0.495"/>
  <testcase classname="tests.HomeTestCases" name="checkQueueGetStartedButton" time="0.534"/>
  <testcase classname="tests.HomeTestCases" name="checkTreeGetStartedButton" time="0.551"/>
  <testcase classname="tests.HomeTestCases" name="checkGraphGetStartedButton" time="0.568"/>
</testsuite> <!-- tests.HomeTestCases -->
