<?xml version="1.0" encoding="UTF-8"?>
<!-- Generated by org.testng.reporters.JUnitReportReporter -->
<testsuite hostname="Joanna" failures="0" tests="118" name="tests.TreeTestCases" time="57.677" errors="0" timestamp="2024-12-16T21:56:33 GMT-05:00" skipped="0">
  <testcase classname="tests.TreeTestCases" name="user_clicks_on_tree_overview_link" time="0.884"/>
  <testcase classname="tests.TreeTestCases" name="user_clicks_sub_tree_overview_link" time="0.286"/>
  <testcase classname="tests.TreeTestCases" name="clicksTreeOverviewLinkTryHere" time="0.340"/>
  <testcase classname="tests.TreeTestCases" name="executeTreeOverviewLinkTryHere" time="0.475"/>
  <testcase classname="tests.TreeTestCases" name="executeTreeOverviewLinkTryHere" time="0.391"/>
  <testcase classname="tests.TreeTestCases" name="executeTreeOverviewLinkTryHere" time="0.460"/>
  <testcase classname="tests.TreeTestCases" name="executeTreeOverviewLinkTryHere" time="0.501"/>
  <testcase classname="tests.TreeTestCases" name="executeTreeOverviewLinkTryHere" time="0.438"/>
  <testcase classname="tests.TreeTestCases" name="executeTreeOverviewLinkTryHere" time="0.447"/>
  <testcase classname="tests.TreeTestCases" name="user_clicks_on_terminologies_link" time="1.023"/>
  <testcase classname="tests.TreeTestCases" name="user_clicks_sub_terminologies_link" time="0.293"/>
  <testcase classname="tests.TreeTestCases" name="clicksTreeTerminologyLinkTryHere" time="0.297"/>
  <testcase classname="tests.TreeTestCases" name="executeTreeTerminologyLinkTryHere" time="0.440"/>
  <testcase classname="tests.TreeTestCases" name="executeTreeTerminologyLinkTryHere" time="0.369"/>
  <testcase classname="tests.TreeTestCases" name="executeTreeTerminologyLinkTryHere" time="0.496"/>
  <testcase classname="tests.TreeTestCases" name="executeTreeTerminologyLinkTryHere" time="0.399"/>
  <testcase classname="tests.TreeTestCases" name="executeTreeTerminologyLinkTryHere" time="0.469"/>
  <testcase classname="tests.TreeTestCases" name="executeTreeTerminologyLinkTryHere" time="0.499"/>
  <testcase classname="tests.TreeTestCases" name="user_clicks_on_types_trees_link" time="0.905"/>
  <testcase classname="tests.TreeTestCases" name="user_clicks_sub_types_trees_link" time="0.316"/>
  <testcase classname="tests.TreeTestCases" name="clicksTreeTypesOfLinkTryHere" time="0.304"/>
  <testcase classname="tests.TreeTestCases" name="executeTreeTypesOfLinkTryHere" time="0.460"/>
  <testcase classname="tests.TreeTestCases" name="executeTreeTypesOfLinkTryHere" time="0.545"/>
  <testcase classname="tests.TreeTestCases" name="executeTreeTypesOfLinkTryHere" time="0.411"/>
  <testcase classname="tests.TreeTestCases" name="executeTreeTypesOfLinkTryHere" time="0.436"/>
  <testcase classname="tests.TreeTestCases" name="executeTreeTypesOfLinkTryHere" time="0.410"/>
  <testcase classname="tests.TreeTestCases" name="executeTreeTypesOfLinkTryHere" time="0.466"/>
  <testcase classname="tests.TreeTestCases" name="user_clicks_on_traversals_link" time="0.914"/>
  <testcase classname="tests.TreeTestCases" name="user_clicks_sub_traversals_link" time="0.302"/>
  <testcase classname="tests.TreeTestCases" name="clicksTreeTraversalLinkTryHere" time="0.297"/>
  <testcase classname="tests.TreeTestCases" name="executeTreeTraversalLinkTryHere" time="0.414"/>
  <testcase classname="tests.TreeTestCases" name="executeTreeTraversalLinkTryHere" time="0.564"/>
  <testcase classname="tests.TreeTestCases" name="executeTreeTraversalLinkTryHere" time="0.482"/>
  <testcase classname="tests.TreeTestCases" name="executeTreeTraversalLinkTryHere" time="0.499"/>
  <testcase classname="tests.TreeTestCases" name="executeTreeTraversalLinkTryHere" time="0.613"/>
  <testcase classname="tests.TreeTestCases" name="executeTreeTraversalLinkTryHere" time="0.402"/>
  <testcase classname="tests.TreeTestCases" name="user_clicks_on_illustration_link" time="0.902"/>
  <testcase classname="tests.TreeTestCases" name="user_clicks_sub_illustration_link" time="0.305"/>
  <testcase classname="tests.TreeTestCases" name="clicksTreeIllustrationLinkTryHere" time="0.359"/>
  <testcase classname="tests.TreeTestCases" name="executeTreeIllustrationLinkTryHere" time="0.408"/>
  <testcase classname="tests.TreeTestCases" name="executeTreeIllustrationLinkTryHere" time="0.430"/>
  <testcase classname="tests.TreeTestCases" name="executeTreeIllustrationLinkTryHere" time="0.506"/>
  <testcase classname="tests.TreeTestCases" name="executeTreeIllustrationLinkTryHere" time="0.522"/>
  <testcase classname="tests.TreeTestCases" name="executeTreeIllustrationLinkTryHere" time="0.503"/>
  <testcase classname="tests.TreeTestCases" name="executeTreeIllustrationLinkTryHere" time="0.559"/>
  <testcase classname="tests.TreeTestCases" name="user_clicks_on_binary_tree_link" time="0.984"/>
  <testcase classname="tests.TreeTestCases" name="user_clicks_sub_binary_tree_link" time="0.341"/>
  <testcase classname="tests.TreeTestCases" name="clicksTreeBinaryTreeLinkTryHere" time="0.291"/>
  <testcase classname="tests.TreeTestCases" name="executeTreeBinaryTreeLinkTryHere" time="0.383"/>
  <testcase classname="tests.TreeTestCases" name="executeTreeBinaryTreeLinkTryHere" time="0.390"/>
  <testcase classname="tests.TreeTestCases" name="executeTreeBinaryTreeLinkTryHere" time="0.382"/>
  <testcase classname="tests.TreeTestCases" name="executeTreeBinaryTreeLinkTryHere" time="0.387"/>
  <testcase classname="tests.TreeTestCases" name="executeTreeBinaryTreeLinkTryHere" time="0.449"/>
  <testcase classname="tests.TreeTestCases" name="executeTreeBinaryTreeLinkTryHere" time="0.452"/>
  <testcase classname="tests.TreeTestCases" name="user_clicks_on_types_binary_link" time="0.847"/>
  <testcase classname="tests.TreeTestCases" name="user_clicks_sub_types_binary_link" time="0.251"/>
  <testcase classname="tests.TreeTestCases" name="clicksTreeTypesBinaryLinkTryHere" time="0.318"/>
  <testcase classname="tests.TreeTestCases" name="executeTreeTypesBinaryLinkTryHere" time="0.384"/>
  <testcase classname="tests.TreeTestCases" name="executeTreeTypesBinaryLinkTryHere" time="0.480"/>
  <testcase classname="tests.TreeTestCases" name="executeTreeTypesBinaryLinkTryHere" time="0.568"/>
  <testcase classname="tests.TreeTestCases" name="executeTreeTypesBinaryLinkTryHere" time="0.450"/>
  <testcase classname="tests.TreeTestCases" name="executeTreeTypesBinaryLinkTryHere" time="0.626"/>
  <testcase classname="tests.TreeTestCases" name="executeTreeTypesBinaryLinkTryHere" time="0.509"/>
  <testcase classname="tests.TreeTestCases" name="user_clicks_on_impl_python_link" time="0.920"/>
  <testcase classname="tests.TreeTestCases" name="user_clicks_sub_impl_python_link" time="0.325"/>
  <testcase classname="tests.TreeTestCases" name="clicksTreeImplPythonLinkTryHere" time="0.399"/>
  <testcase classname="tests.TreeTestCases" name="executeTreeImplPythonLinkTryHere" time="0.491"/>
  <testcase classname="tests.TreeTestCases" name="executeTreeImplPythonLinkTryHere" time="0.488"/>
  <testcase classname="tests.TreeTestCases" name="executeTreeImplPythonLinkTryHere" time="0.432"/>
  <testcase classname="tests.TreeTestCases" name="executeTreeImplPythonLinkTryHere" time="0.417"/>
  <testcase classname="tests.TreeTestCases" name="executeTreeImplPythonLinkTryHere" time="0.489"/>
  <testcase classname="tests.TreeTestCases" name="executeTreeImplPythonLinkTryHere" time="0.504"/>
  <testcase classname="tests.TreeTestCases" name="user_clicks_on_binary_traversals_link" time="0.844"/>
  <testcase classname="tests.TreeTestCases" name="user_clicks_sub_binary_traversals_link" time="0.250"/>
  <testcase classname="tests.TreeTestCases" name="clicksTreeBinaryTraversalLinkTryHere" time="0.315"/>
  <testcase classname="tests.TreeTestCases" name="executeTreeBinaryTraversalLinkTryHere" time="0.478"/>
  <testcase classname="tests.TreeTestCases" name="executeTreeBinaryTraversalLinkTryHere" time="0.450"/>
  <testcase classname="tests.TreeTestCases" name="executeTreeBinaryTraversalLinkTryHere" time="0.446"/>
  <testcase classname="tests.TreeTestCases" name="executeTreeBinaryTraversalLinkTryHere" time="0.511"/>
  <testcase classname="tests.TreeTestCases" name="executeTreeBinaryTraversalLinkTryHere" time="0.456"/>
  <testcase classname="tests.TreeTestCases" name="executeTreeBinaryTraversalLinkTryHere" time="0.454"/>
  <testcase classname="tests.TreeTestCases" name="user_clicks_on_impl_binary_trees_link" time="0.921"/>
  <testcase classname="tests.TreeTestCases" name="user_clicks_sub_impl_binary_trees_link" time="0.273"/>
  <testcase classname="tests.TreeTestCases" name="clicksTreeImplBinaryLinkTryHere" time="0.290"/>
  <testcase classname="tests.TreeTestCases" name="executeTreeImplBinaryLinkTryHere" time="0.559"/>
  <testcase classname="tests.TreeTestCases" name="executeTreeImplBinaryLinkTryHere" time="0.458"/>
  <testcase classname="tests.TreeTestCases" name="executeTreeImplBinaryLinkTryHere" time="0.414"/>
  <testcase classname="tests.TreeTestCases" name="executeTreeImplBinaryLinkTryHere" time="0.472"/>
  <testcase classname="tests.TreeTestCases" name="executeTreeImplBinaryLinkTryHere" time="0.436"/>
  <testcase classname="tests.TreeTestCases" name="executeTreeImplBinaryLinkTryHere" time="0.536"/>
  <testcase classname="tests.TreeTestCases" name="user_clicks_on_appl_binary_tree_link" time="1.063"/>
  <testcase classname="tests.TreeTestCases" name="user_clicks_sub_appl_binary_tree_link" time="0.328"/>
  <testcase classname="tests.TreeTestCases" name="clicksTreeApplBinaryLinkTryHere" time="0.411"/>
  <testcase classname="tests.TreeTestCases" name="executeTreeTreeApplBinaryLinkTryHere" time="0.417"/>
  <testcase classname="tests.TreeTestCases" name="executeTreeTreeApplBinaryLinkTryHere" time="0.451"/>
  <testcase classname="tests.TreeTestCases" name="executeTreeTreeApplBinaryLinkTryHere" time="0.453"/>
  <testcase classname="tests.TreeTestCases" name="executeTreeTreeApplBinaryLinkTryHere" time="0.485"/>
  <testcase classname="tests.TreeTestCases" name="executeTreeTreeApplBinaryLinkTryHere" time="0.407"/>
  <testcase classname="tests.TreeTestCases" name="executeTreeTreeApplBinaryLinkTryHere" time="0.492"/>
  <testcase classname="tests.TreeTestCases" name="user_clicks_on_binary_search_link" time="0.934"/>
  <testcase classname="tests.TreeTestCases" name="user_clicks_sub_binary_search_link" time="0.297"/>
  <testcase classname="tests.TreeTestCases" name="clicksTreeBinarySearchLinkTryHere" time="0.255"/>
  <testcase classname="tests.TreeTestCases" name="executeTreeBinarySearchLinkTryHere" time="0.427"/>
  <testcase classname="tests.TreeTestCases" name="executeTreeBinarySearchLinkTryHere" time="0.407"/>
  <testcase classname="tests.TreeTestCases" name="executeTreeBinarySearchLinkTryHere" time="0.540"/>
  <testcase classname="tests.TreeTestCases" name="executeTreeBinarySearchLinkTryHere" time="0.478"/>
  <testcase classname="tests.TreeTestCases" name="executeTreeBinarySearchLinkTryHere" time="0.456"/>
  <testcase classname="tests.TreeTestCases" name="executeTreeBinarySearchLinkTryHere" time="0.431"/>
  <testcase classname="tests.TreeTestCases" name="user_clicks_on_impl_binary_search_link" time="0.920"/>
  <testcase classname="tests.TreeTestCases" name="user_clicks_sub_impl_binary_search_link" time="0.280"/>
  <testcase classname="tests.TreeTestCases" name="clicksTreeimplBinSearchLinkTryHere" time="0.295"/>
  <testcase classname="tests.TreeTestCases" name="executeTreeimplBinSearchLinkTryHere" time="0.508"/>
  <testcase classname="tests.TreeTestCases" name="executeTreeimplBinSearchLinkTryHere" time="0.489"/>
  <testcase classname="tests.TreeTestCases" name="executeTreeimplBinSearchLinkTryHere" time="0.447"/>
  <testcase classname="tests.TreeTestCases" name="executeTreeimplBinSearchLinkTryHere" time="0.441"/>
  <testcase classname="tests.TreeTestCases" name="executeTreeimplBinSearchLinkTryHere" time="0.568"/>
  <testcase classname="tests.TreeTestCases" name="executeTreeimplBinSearchLinkTryHere" time="0.525"/>
  <testcase classname="tests.TreeTestCases" name="user_clicks_on_tree_practice_questions_link" time="1.211"/>
</testsuite> <!-- tests.TreeTestCases -->
