<?xml version="1.0" encoding="UTF-8"?>
<!-- Generated by org.testng.reporters.JUnitReportReporter -->
<testsuite hostname="Joanna" failures="0" tests="17" name="tests.QueueTestcases" time="12.266" errors="0" timestamp="2024-12-16T14:27:10 GMT-05:00" skipped="0">
  <testcase classname="tests.QueueTestcases" name="user_clicks_on_implement_queue_link" time="1.334"/>
  <testcase classname="tests.QueueTestcases" name="user_clicks_sub_implement_queue_link" time="0.587"/>
  <testcase classname="tests.QueueTestcases" name="clicksubImplementQueueTryHere" time="0.796"/>
  <testcase classname="tests.QueueTestcases" name="executeImpleQueueTryHere" time="0.918"/>
  <testcase classname="tests.QueueTestcases" name="user_clicks_on_implement_de_que_link" time="1.011"/>
  <testcase classname="tests.QueueTestcases" name="user_clicks_sub_implement_de_que_link" time="0.367"/>
  <testcase classname="tests.QueueTestcases" name="clicksubImplementDeQueueTryHere" time="0.489"/>
  <testcase classname="tests.QueueTestcases" name="executeImpleDeQueueTryHere" time="0.777"/>
  <testcase classname="tests.QueueTestcases" name="user_clicks_on_implement_array_link" time="1.042"/>
  <testcase classname="tests.QueueTestcases" name="user_clicks_Sub_implement_array_link" time="0.387"/>
  <testcase classname="tests.QueueTestcases" name="clicksubImplementArrayTryHere" time="0.391"/>
  <testcase classname="tests.QueueTestcases" name="executeImpleArrayTryHere" time="0.520"/>
  <testcase classname="tests.QueueTestcases" name="user_clicks_on_queue_operation_link" time="1.284"/>
  <testcase classname="tests.QueueTestcases" name="user_clicks_sub_queue_operation_link" time="0.458"/>
  <testcase classname="tests.QueueTestcases" name="clicksubQueueOperationsTryHere" time="0.326"/>
  <testcase classname="tests.QueueTestcases" name="executeQueueOperationsTryHere" time="0.476"/>
  <testcase classname="tests.QueueTestcases" name="user_clicks_on_queue_practise_test_link" time="1.103"/>
</testsuite> <!-- tests.QueueTestcases -->
