<?xml version="1.0" encoding="UTF-8"?>
<!-- Generated by org.testng.reporters.JUnitReportReporter -->
<testsuite hostname="Joanna" failures="0" tests="17" name="tests.HomeTestCases" time="9.005" errors="0" timestamp="2024-12-15T22:04:03 GMT-05:00" skipped="0">
  <testcase classname="tests.HomeTestCases" name="VerifyBeforeLoginDSgetStarted" time="0.648"/>
  <testcase classname="tests.HomeTestCases" name="VerifyBeforeArraygetStarted" time="0.377"/>
  <testcase classname="tests.HomeTestCases" name="VerifyBeforeLinkedDSgetStarted" time="0.356"/>
  <testcase classname="tests.HomeTestCases" name="VerifyBeforeStackDSgetStarted" time="0.363"/>
  <testcase classname="tests.HomeTestCases" name="VerifyBeforeQueueDSgetStarted" time="0.467"/>
  <testcase classname="tests.HomeTestCases" name="VerifyBeforeTreeDSgetStarted" time="0.357"/>
  <testcase classname="tests.HomeTestCases" name="VerifyBeforeGraphDSgetStarted" time="0.441"/>
  <testcase classname="tests.HomeTestCases" name="clickRegisterLink" time="0.305"/>
  <testcase classname="tests.HomeTestCases" name="executeRegister" time="0.570"/>
  <testcase classname="tests.HomeTestCases" name="user_clicks_on_sign_in_link" time="1.189"/>
  <testcase classname="tests.HomeTestCases" name="clicksGetStartedButton" time="0.547"/>
  <testcase classname="tests.HomeTestCases" name="checkArrayGetStartedButton" time="0.505"/>
  <testcase classname="tests.HomeTestCases" name="checkLinkedGetStartedButton" time="0.637"/>
  <testcase classname="tests.HomeTestCases" name="checkStackGetStartedButton" time="0.499"/>
  <testcase classname="tests.HomeTestCases" name="checkQueueGetStartedButton" time="0.572"/>
  <testcase classname="tests.HomeTestCases" name="checkTreeGetStartedButton" time="0.565"/>
  <testcase classname="tests.HomeTestCases" name="checkGraphGetStartedButton" time="0.607"/>
</testsuite> <!-- tests.HomeTestCases -->
