<?xml version="1.0" encoding="UTF-8"?>
<!-- Generated by org.testng.reporters.JUnitReportReporter -->
<testsuite hostname="Joanna" failures="0" tests="4" name="tests.DSIntroTestCases" time="6.350" errors="0" timestamp="2024-12-16T14:57:16 GMT-05:00" skipped="0">
  <testcase classname="tests.DSIntroTestCases" name="DSintro" time="1.422"/>
  <testcase classname="tests.DSIntroTestCases" name="TimeComplexityLink" time="1.750"/>
  <testcase classname="tests.DSIntroTestCases" name="DSintrotryhere" time="1.910"/>
  <testcase classname="tests.DSIntroTestCases" name="executeImplementationTryHere" time="1.268"/>
</testsuite> <!-- tests.DSIntroTestCases -->
