<?xml version="1.0" encoding="UTF-8"?>
<!-- Generated by org.testng.reporters.JUnitReportReporter -->
<testsuite hostname="Joanna" failures="0" tests="17" name="tests.QueueTestcases" time="11.317" errors="0" timestamp="2024-12-15T22:04:03 GMT-05:00" skipped="0">
  <testcase classname="tests.QueueTestcases" name="user_clicks_on_implement_queue_link" time="1.164"/>
  <testcase classname="tests.QueueTestcases" name="user_clicks_sub_implement_queue_link" time="0.343"/>
  <testcase classname="tests.QueueTestcases" name="clicksubImplementQueueTryHere" time="0.750"/>
  <testcase classname="tests.QueueTestcases" name="executeImpleQueueTryHere" time="0.715"/>
  <testcase classname="tests.QueueTestcases" name="user_clicks_on_implement_de_que_link" time="0.972"/>
  <testcase classname="tests.QueueTestcases" name="user_clicks_sub_implement_de_que_link" time="0.310"/>
  <testcase classname="tests.QueueTestcases" name="clicksubImplementDeQueueTryHere" time="0.334"/>
  <testcase classname="tests.QueueTestcases" name="executeImpleDeQueueTryHere" time="0.703"/>
  <testcase classname="tests.QueueTestcases" name="user_clicks_on_implement_array_link" time="0.969"/>
  <testcase classname="tests.QueueTestcases" name="user_clicks_Sub_implement_array_link" time="0.340"/>
  <testcase classname="tests.QueueTestcases" name="clicksubImplementArrayTryHere" time="0.352"/>
  <testcase classname="tests.QueueTestcases" name="executeImpleArrayTryHere" time="0.553"/>
  <testcase classname="tests.QueueTestcases" name="user_clicks_on_queue_operation_link" time="1.288"/>
  <testcase classname="tests.QueueTestcases" name="user_clicks_sub_queue_operation_link" time="0.355"/>
  <testcase classname="tests.QueueTestcases" name="clicksubQueueOperationsTryHere" time="0.339"/>
  <testcase classname="tests.QueueTestcases" name="executeQueueOperationsTryHere" time="0.551"/>
  <testcase classname="tests.QueueTestcases" name="user_clicks_on_queue_practise_test_link" time="1.279"/>
</testsuite> <!-- tests.QueueTestcases -->
