<?xml version="1.0" encoding="UTF-8"?>
<!-- Generated by org.testng.reporters.JUnitReportReporter -->
<testsuite hostname="Joanna" failures="0" tests="9" name="tests.DSIntroTestCases" time="5.854" errors="0" timestamp="2024-12-16T21:56:33 GMT-05:00" skipped="0">
  <testcase classname="tests.DSIntroTestCases" name="DSintro" time="0.508"/>
  <testcase classname="tests.DSIntroTestCases" name="TimeComplexityLink" time="0.970"/>
  <testcase classname="tests.DSIntroTestCases" name="DSintrotryhere" time="0.739"/>
  <testcase classname="tests.DSIntroTestCases" name="executeImplementationTryHere" time="0.648"/>
  <testcase classname="tests.DSIntroTestCases" name="executeImplementationTryHere" time="0.564"/>
  <testcase classname="tests.DSIntroTestCases" name="executeImplementationTryHere" time="0.593"/>
  <testcase classname="tests.DSIntroTestCases" name="executeImplementationTryHere" time="0.652"/>
  <testcase classname="tests.DSIntroTestCases" name="executeImplementationTryHere" time="0.620"/>
  <testcase classname="tests.DSIntroTestCases" name="executeImplementationTryHere" time="0.560"/>
</testsuite> <!-- tests.DSIntroTestCases -->
