<?xml version="1.0" encoding="UTF-8"?>
<!-- Generated by org.testng.reporters.JUnitReportReporter -->
<testsuite hostname="Joanna" failures="0" tests="17" name="tests.HomeTestCases" time="14.285" errors="0" timestamp="2024-12-16T14:57:16 GMT-05:00" skipped="0">
  <testcase classname="tests.HomeTestCases" name="VerifyBeforeLoginDSgetStarted" time="0.752"/>
  <testcase classname="tests.HomeTestCases" name="VerifyBeforeArraygetStarted" time="0.567"/>
  <testcase classname="tests.HomeTestCases" name="VerifyBeforeLinkedDSgetStarted" time="0.514"/>
  <testcase classname="tests.HomeTestCases" name="VerifyBeforeStackDSgetStarted" time="0.634"/>
  <testcase classname="tests.HomeTestCases" name="VerifyBeforeQueueDSgetStarted" time="0.595"/>
  <testcase classname="tests.HomeTestCases" name="VerifyBeforeTreeDSgetStarted" time="0.859"/>
  <testcase classname="tests.HomeTestCases" name="VerifyBeforeGraphDSgetStarted" time="0.697"/>
  <testcase classname="tests.HomeTestCases" name="clickRegisterLink" time="0.581"/>
  <testcase classname="tests.HomeTestCases" name="executeRegister" time="1.515"/>
  <testcase classname="tests.HomeTestCases" name="user_clicks_on_sign_in_link" time="2.111"/>
  <testcase classname="tests.HomeTestCases" name="clicksGetStartedButton" time="0.754"/>
  <testcase classname="tests.HomeTestCases" name="checkArrayGetStartedButton" time="1.020"/>
  <testcase classname="tests.HomeTestCases" name="checkLinkedGetStartedButton" time="0.963"/>
  <testcase classname="tests.HomeTestCases" name="checkStackGetStartedButton" time="0.586"/>
  <testcase classname="tests.HomeTestCases" name="checkQueueGetStartedButton" time="0.677"/>
  <testcase classname="tests.HomeTestCases" name="checkTreeGetStartedButton" time="0.810"/>
  <testcase classname="tests.HomeTestCases" name="checkGraphGetStartedButton" time="0.650"/>
</testsuite> <!-- tests.HomeTestCases -->
