<?xml version="1.0" encoding="UTF-8"?>
<!-- Generated by org.testng.reporters.JUnitReportReporter -->
<testsuite hostname="Joanna" failures="0" tests="29" name="tests.LinkedListCases" time="17.922" errors="0" timestamp="2024-12-16T14:57:16 GMT-05:00" skipped="0">
  <testcase classname="tests.LinkedListCases" name="clicksIntroductionLink" time="1.387"/>
  <testcase classname="tests.LinkedListCases" name="clicksSubIntroductionLink" time="0.635"/>
  <testcase classname="tests.LinkedListCases" name="clicksSubIntroductionLinkTryHere" time="1.141"/>
  <testcase classname="tests.LinkedListCases" name="executeSubIntroductionLinkTryHere" time="0.639"/>
  <testcase classname="tests.LinkedListCases" name="clicksCreateLinkedListLink" time="1.141"/>
  <testcase classname="tests.LinkedListCases" name="clicksSubCreatingLinkedListLink" time="0.329"/>
  <testcase classname="tests.LinkedListCases" name="clicksSubCreatingLinkTryHere" time="0.490"/>
  <testcase classname="tests.LinkedListCases" name="executeSubCreatingLinkTryHere" time="0.529"/>
  <testcase classname="tests.LinkedListCases" name="clicksTypesLinkedLink" time="1.246"/>
  <testcase classname="tests.LinkedListCases" name="clicksSubTypesOfLinkedListLink" time="0.441"/>
  <testcase classname="tests.LinkedListCases" name="clicksSubTypesOfLinkTryHere" time="0.446"/>
  <testcase classname="tests.LinkedListCases" name="executeSubTypesOfLinkTryHere" time="0.571"/>
  <testcase classname="tests.LinkedListCases" name="clicksImplementLinkedLink" time="0.841"/>
  <testcase classname="tests.LinkedListCases" name="user_clicks_on_sub_implement_link" time="0.245"/>
  <testcase classname="tests.LinkedListCases" name="clicksSubImplementLinkTryHere" time="0.357"/>
  <testcase classname="tests.LinkedListCases" name="executeSubImplementLinkTryHere" time="0.564"/>
  <testcase classname="tests.LinkedListCases" name="clicksTraversalLinkedListLink" time="0.842"/>
  <testcase classname="tests.LinkedListCases" name="user_clicks_on_traverse_sub_linked_list_link" time="0.322"/>
  <testcase classname="tests.LinkedListCases" name="clicksSubTraversalLinkTryHere" time="0.337"/>
  <testcase classname="tests.LinkedListCases" name="executeSubTraversalLinkTryHere" time="0.499"/>
  <testcase classname="tests.LinkedListCases" name="clicksInsertLinkedListLink" time="0.808"/>
  <testcase classname="tests.LinkedListCases" name="user_clicks_on_sub_insert_linked_list_link" time="0.319"/>
  <testcase classname="tests.LinkedListCases" name="clicksSubInsertLinkTryHere" time="0.345"/>
  <testcase classname="tests.LinkedListCases" name="executeInsertOfLinkTryHere" time="0.428"/>
  <testcase classname="tests.LinkedListCases" name="clicksDeleteLinkedListLink" time="0.881"/>
  <testcase classname="tests.LinkedListCases" name="user_clicks_on_sub_delete_linked_list_link" time="0.268"/>
  <testcase classname="tests.LinkedListCases" name="clicksSubDeleteLinkTryHere" time="0.325"/>
  <testcase classname="tests.LinkedListCases" name="executeSubDeleteLinkTryHere" time="0.454"/>
  <testcase classname="tests.LinkedListCases" name="user_clicks_on_sub_linked_practice_question_link" time="1.092"/>
</testsuite> <!-- tests.LinkedListCases -->
