<?xml version="1.0" encoding="UTF-8"?>
<!-- Generated by org.testng.reporters.JUnitReportReporter -->
<testsuite hostname="Joanna" failures="0" tests="53" name="tests.TreeTestCases" time="34.185" errors="0" timestamp="2024-12-16T14:27:10 GMT-05:00" skipped="0">
  <testcase classname="tests.TreeTestCases" name="user_clicks_on_tree_overview_link" time="1.487"/>
  <testcase classname="tests.TreeTestCases" name="user_clicks_sub_tree_overview_link" time="0.516"/>
  <testcase classname="tests.TreeTestCases" name="clicksTreeOverviewLinkTryHere" time="0.993"/>
  <testcase classname="tests.TreeTestCases" name="executeTreeOverviewLinkTryHere" time="0.656"/>
  <testcase classname="tests.TreeTestCases" name="user_clicks_on_terminologies_link" time="1.206"/>
  <testcase classname="tests.TreeTestCases" name="user_clicks_sub_terminologies_link" time="0.439"/>
  <testcase classname="tests.TreeTestCases" name="clicksTreeTerminologyLinkTryHere" time="0.483"/>
  <testcase classname="tests.TreeTestCases" name="executeTreeTerminologyLinkTryHere" time="0.641"/>
  <testcase classname="tests.TreeTestCases" name="user_clicks_on_types_trees_link" time="1.325"/>
  <testcase classname="tests.TreeTestCases" name="user_clicks_sub_types_trees_link" time="0.471"/>
  <testcase classname="tests.TreeTestCases" name="clicksTreeTypesOfLinkTryHere" time="0.413"/>
  <testcase classname="tests.TreeTestCases" name="executeTreeTypesOfLinkTryHere" time="0.871"/>
  <testcase classname="tests.TreeTestCases" name="user_clicks_on_traversals_link" time="1.353"/>
  <testcase classname="tests.TreeTestCases" name="user_clicks_sub_traversals_link" time="0.343"/>
  <testcase classname="tests.TreeTestCases" name="clicksTreeTraversalLinkTryHere" time="0.351"/>
  <testcase classname="tests.TreeTestCases" name="executeTreeTraversalLinkTryHere" time="0.549"/>
  <testcase classname="tests.TreeTestCases" name="user_clicks_on_illustration_link" time="1.054"/>
  <testcase classname="tests.TreeTestCases" name="user_clicks_sub_illustration_link" time="0.278"/>
  <testcase classname="tests.TreeTestCases" name="clicksTreeIllustrationLinkTryHere" time="0.311"/>
  <testcase classname="tests.TreeTestCases" name="executeTreeIllustrationLinkTryHere" time="0.506"/>
  <testcase classname="tests.TreeTestCases" name="user_clicks_on_binary_tree_link" time="0.927"/>
  <testcase classname="tests.TreeTestCases" name="user_clicks_sub_binary_tree_link" time="0.293"/>
  <testcase classname="tests.TreeTestCases" name="clicksTreeBinaryTreeLinkTryHere" time="0.326"/>
  <testcase classname="tests.TreeTestCases" name="executeTreeBinaryTreeLinkTryHere" time="0.519"/>
  <testcase classname="tests.TreeTestCases" name="user_clicks_on_types_binary_link" time="1.006"/>
  <testcase classname="tests.TreeTestCases" name="user_clicks_sub_types_binary_link" time="0.334"/>
  <testcase classname="tests.TreeTestCases" name="clicksTreeTypesBinaryLinkTryHere" time="0.360"/>
  <testcase classname="tests.TreeTestCases" name="executeTreeTypesBinaryLinkTryHere" time="0.554"/>
  <testcase classname="tests.TreeTestCases" name="user_clicks_on_impl_python_link" time="0.947"/>
  <testcase classname="tests.TreeTestCases" name="user_clicks_sub_impl_python_link" time="0.349"/>
  <testcase classname="tests.TreeTestCases" name="clicksTreeImplPythonLinkTryHere" time="0.417"/>
  <testcase classname="tests.TreeTestCases" name="executeTreeImplPythonLinkTryHere" time="0.557"/>
  <testcase classname="tests.TreeTestCases" name="user_clicks_on_binary_traversals_link" time="0.933"/>
  <testcase classname="tests.TreeTestCases" name="user_clicks_sub_binary_traversals_link" time="0.330"/>
  <testcase classname="tests.TreeTestCases" name="clicksTreeBinaryTraversalLinkTryHere" time="0.380"/>
  <testcase classname="tests.TreeTestCases" name="executeTreeBinaryTraversalLinkTryHere" time="0.584"/>
  <testcase classname="tests.TreeTestCases" name="user_clicks_on_impl_binary_trees_link" time="1.039"/>
  <testcase classname="tests.TreeTestCases" name="user_clicks_sub_impl_binary_trees_link" time="0.358"/>
  <testcase classname="tests.TreeTestCases" name="clicksTreeImplBinaryLinkTryHere" time="0.361"/>
  <testcase classname="tests.TreeTestCases" name="executeTreeImplBinaryLinkTryHere" time="0.621"/>
  <testcase classname="tests.TreeTestCases" name="user_clicks_on_appl_binary_tree_link" time="1.010"/>
  <testcase classname="tests.TreeTestCases" name="user_clicks_sub_appl_binary_tree_link" time="0.374"/>
  <testcase classname="tests.TreeTestCases" name="clicksTreeApplBinaryLinkTryHere" time="0.357"/>
  <testcase classname="tests.TreeTestCases" name="executeTreeTreeApplBinaryLinkTryHere" time="0.594"/>
  <testcase classname="tests.TreeTestCases" name="user_clicks_on_binary_search_link" time="1.245"/>
  <testcase classname="tests.TreeTestCases" name="user_clicks_sub_binary_search_link" time="0.452"/>
  <testcase classname="tests.TreeTestCases" name="clicksTreeBinarySearchLinkTryHere" time="0.374"/>
  <testcase classname="tests.TreeTestCases" name="executeTreeBinarySearchLinkTryHere" time="0.605"/>
  <testcase classname="tests.TreeTestCases" name="user_clicks_on_impl_binary_search_link" time="0.972"/>
  <testcase classname="tests.TreeTestCases" name="user_clicks_sub_impl_binary_search_link" time="0.331"/>
  <testcase classname="tests.TreeTestCases" name="clicksTreeimplBinSearchLinkTryHere" time="0.459"/>
  <testcase classname="tests.TreeTestCases" name="executeTreeimplBinSearchLinkTryHere" time="0.613"/>
  <testcase classname="tests.TreeTestCases" name="user_clicks_on_tree_practice_questions_link" time="1.358"/>
</testsuite> <!-- tests.TreeTestCases -->
