<?xml version="1.0" encoding="UTF-8"?>
<!-- Generated by org.testng.reporters.JUnitReportReporter -->
<testsuite hostname="Joanna" failures="0" tests="37" name="tests.QueueTestcases" time="17.799" errors="0" timestamp="2024-12-16T21:56:33 GMT-05:00" skipped="0">
  <testcase classname="tests.QueueTestcases" name="user_clicks_on_implement_queue_link" time="0.833"/>
  <testcase classname="tests.QueueTestcases" name="user_clicks_sub_implement_queue_link" time="0.329"/>
  <testcase classname="tests.QueueTestcases" name="clicksubImplementQueueTryHere" time="0.316"/>
  <testcase classname="tests.QueueTestcases" name="executeImpleQueueTryHere" time="0.514"/>
  <testcase classname="tests.QueueTestcases" name="executeImpleQueueTryHere" time="0.456"/>
  <testcase classname="tests.QueueTestcases" name="executeImpleQueueTryHere" time="0.502"/>
  <testcase classname="tests.QueueTestcases" name="executeImpleQueueTryHere" time="0.478"/>
  <testcase classname="tests.QueueTestcases" name="executeImpleQueueTryHere" time="0.465"/>
  <testcase classname="tests.QueueTestcases" name="executeImpleQueueTryHere" time="0.336"/>
  <testcase classname="tests.QueueTestcases" name="user_clicks_on_implement_de_que_link" time="0.816"/>
  <testcase classname="tests.QueueTestcases" name="user_clicks_sub_implement_de_que_link" time="0.254"/>
  <testcase classname="tests.QueueTestcases" name="clicksubImplementDeQueueTryHere" time="0.360"/>
  <testcase classname="tests.QueueTestcases" name="executeImpleDeQueueTryHere" time="0.433"/>
  <testcase classname="tests.QueueTestcases" name="executeImpleDeQueueTryHere" time="0.419"/>
  <testcase classname="tests.QueueTestcases" name="executeImpleDeQueueTryHere" time="0.422"/>
  <testcase classname="tests.QueueTestcases" name="executeImpleDeQueueTryHere" time="0.506"/>
  <testcase classname="tests.QueueTestcases" name="executeImpleDeQueueTryHere" time="0.391"/>
  <testcase classname="tests.QueueTestcases" name="executeImpleDeQueueTryHere" time="0.420"/>
  <testcase classname="tests.QueueTestcases" name="user_clicks_on_implement_array_link" time="0.891"/>
  <testcase classname="tests.QueueTestcases" name="user_clicks_Sub_implement_array_link" time="0.318"/>
  <testcase classname="tests.QueueTestcases" name="clicksubImplementArrayTryHere" time="0.300"/>
  <testcase classname="tests.QueueTestcases" name="executeImpleArrayTryHere" time="0.513"/>
  <testcase classname="tests.QueueTestcases" name="executeImpleArrayTryHere" time="0.405"/>
  <testcase classname="tests.QueueTestcases" name="executeImpleArrayTryHere" time="0.410"/>
  <testcase classname="tests.QueueTestcases" name="executeImpleArrayTryHere" time="0.402"/>
  <testcase classname="tests.QueueTestcases" name="executeImpleArrayTryHere" time="0.442"/>
  <testcase classname="tests.QueueTestcases" name="executeImpleArrayTryHere" time="0.451"/>
  <testcase classname="tests.QueueTestcases" name="user_clicks_on_queue_operation_link" time="0.828"/>
  <testcase classname="tests.QueueTestcases" name="user_clicks_sub_queue_operation_link" time="0.272"/>
  <testcase classname="tests.QueueTestcases" name="clicksubQueueOperationsTryHere" time="0.395"/>
  <testcase classname="tests.QueueTestcases" name="executeQueueOperationsTryHere" time="0.462"/>
  <testcase classname="tests.QueueTestcases" name="executeQueueOperationsTryHere" time="0.519"/>
  <testcase classname="tests.QueueTestcases" name="executeQueueOperationsTryHere" time="0.506"/>
  <testcase classname="tests.QueueTestcases" name="executeQueueOperationsTryHere" time="0.411"/>
  <testcase classname="tests.QueueTestcases" name="executeQueueOperationsTryHere" time="0.466"/>
  <testcase classname="tests.QueueTestcases" name="executeQueueOperationsTryHere" time="0.481"/>
  <testcase classname="tests.QueueTestcases" name="user_clicks_on_queue_practise_test_link" time="1.077"/>
</testsuite> <!-- tests.QueueTestcases -->
