<?xml version="1.0" encoding="UTF-8"?>
<!-- Generated by org.testng.reporters.JUnitReportReporter -->
<testsuite hostname="Joanna" failures="0" tests="9" name="tests.GraphTestCases" time="7.255" errors="0" timestamp="2024-12-13T21:59:53 GMT-05:00" skipped="0">
  <testcase classname="tests.GraphTestCases" name="user_clicks_on_graph_link" time="1.601"/>
  <testcase classname="tests.GraphTestCases" name="user_clicks_on_sub_graph_link" time="0.402"/>
  <testcase classname="tests.GraphTestCases" name="clicksGraphLinkTryHere" time="0.836"/>
  <testcase classname="tests.GraphTestCases" name="executeGraphLinkTryHere" time="1.347"/>
  <testcase classname="tests.GraphTestCases" name="user_clicks_on_graph_represent_link" time="0.838"/>
  <testcase classname="tests.GraphTestCases" name="user_clicks_on_sub_graph_represent_link" time="0.237"/>
  <testcase classname="tests.GraphTestCases" name="clicksGraphRepresentLinkTryHere" time="0.275"/>
  <testcase classname="tests.GraphTestCases" name="executeGraphRepresentLinkTryHere" time="0.539"/>
  <testcase classname="tests.GraphTestCases" name="user_clicks_on_graph_practice_test_link" time="1.180"/>
</testsuite> <!-- tests.GraphTestCases -->
