<?xml version="1.0" encoding="UTF-8"?>
<!-- Generated by org.testng.reporters.JUnitReportReporter -->
<testsuite hostname="Joanna" failures="0" tests="17" name="tests.HomeTestCases" time="8.532" errors="0" timestamp="2024-12-13T21:59:53 GMT-05:00" skipped="0">
  <testcase classname="tests.HomeTestCases" name="VerifyBeforeLoginDSgetStarted" time="0.896"/>
  <testcase classname="tests.HomeTestCases" name="VerifyBeforeArraygetStarted" time="0.421"/>
  <testcase classname="tests.HomeTestCases" name="VerifyBeforeLinkedDSgetStarted" time="0.368"/>
  <testcase classname="tests.HomeTestCases" name="VerifyBeforeStackDSgetStarted" time="0.512"/>
  <testcase classname="tests.HomeTestCases" name="VerifyBeforeQueueDSgetStarted" time="0.378"/>
  <testcase classname="tests.HomeTestCases" name="VerifyBeforeTreeDSgetStarted" time="0.299"/>
  <testcase classname="tests.HomeTestCases" name="VerifyBeforeGraphDSgetStarted" time="0.330"/>
  <testcase classname="tests.HomeTestCases" name="clickRegisterLink" time="0.325"/>
  <testcase classname="tests.HomeTestCases" name="executeRegister" time="0.503"/>
  <testcase classname="tests.HomeTestCases" name="user_clicks_on_sign_in_link" time="1.045"/>
  <testcase classname="tests.HomeTestCases" name="clicksGetStartedButton" time="0.457"/>
  <testcase classname="tests.HomeTestCases" name="checkArrayGetStartedButton" time="0.455"/>
  <testcase classname="tests.HomeTestCases" name="checkLinkedGetStartedButton" time="1.019"/>
  <testcase classname="tests.HomeTestCases" name="checkStackGetStartedButton" time="0.387"/>
  <testcase classname="tests.HomeTestCases" name="checkQueueGetStartedButton" time="0.360"/>
  <testcase classname="tests.HomeTestCases" name="checkTreeGetStartedButton" time="0.421"/>
  <testcase classname="tests.HomeTestCases" name="checkGraphGetStartedButton" time="0.356"/>
</testsuite> <!-- tests.HomeTestCases -->
