<?xml version="1.0" encoding="UTF-8"?>
<!-- Generated by org.testng.reporters.JUnitReportReporter -->
<testsuite hostname="Joanna" failures="1" tests="28" name="tests.ArraysTestCases" time="22.714" errors="0" timestamp="2024-12-16T14:27:10 GMT-05:00" skipped="3">
  <testcase classname="tests.ArraysTestCases" name="clickArraysInPythonLink" time="0.753">
    <skipped/>
  </testcase> <!-- clickArraysInPythonLink -->
  <testcase classname="tests.ArraysTestCases" name="clickArraysInPythonLink" time="0.802">
    <failure message="expected [Arraysw in Python] but found [Arrays in Python]" type="java.lang.AssertionError">
      <![CDATA[java.lang.AssertionError: expected [Arraysw in Python] but found [Arrays in Python]
at org.testng.Assert.fail(Assert.java:111)
at org.testng.Assert.failNotEquals(Assert.java:1578)
at org.testng.Assert.assertEqualsImpl(Assert.java:150)
at org.testng.Assert.assertEquals(Assert.java:132)
at org.testng.Assert.assertEquals(Assert.java:656)
at org.testng.Assert.assertEquals(Assert.java:666)
at tests.ArraysTestCases.clickArraysInPythonLink(ArraysTestCases.java:53)
at java.base/jdk.internal.reflect.DirectMethodHandleAccessor.invoke(DirectMethodHandleAccessor.java:103)
at java.base/java.lang.reflect.Method.invoke(Method.java:580)
at org.testng.internal.invokers.MethodInvocationHelper.invokeMethod(MethodInvocationHelper.java:141)
at org.testng.internal.invokers.TestInvoker.invokeMethod(TestInvoker.java:686)
at org.testng.internal.invokers.TestInvoker.retryFailed(TestInvoker.java:269)
at org.testng.internal.invokers.MethodRunner.runInSequence(MethodRunner.java:76)
at org.testng.internal.invokers.TestInvoker$MethodInvocationAgent.invoke(TestInvoker.java:992)
at org.testng.internal.invokers.TestInvoker.invokeTestMethods(TestInvoker.java:203)
at org.testng.internal.invokers.TestMethodWorker.invokeTestMethods(TestMethodWorker.java:154)
at org.testng.internal.invokers.TestMethodWorker.run(TestMethodWorker.java:134)
at java.base/java.util.concurrent.Executors$RunnableAdapter.call(Executors.java:572)
at java.base/java.util.concurrent.FutureTask.run(FutureTask.java:317)
at org.testng.internal.thread.graph.TestNGFutureTask.run(TestNGFutureTask.java:22)
at java.base/java.util.concurrent.ThreadPoolExecutor.runWorker(ThreadPoolExecutor.java:1144)
at java.base/java.util.concurrent.ThreadPoolExecutor$Worker.run(ThreadPoolExecutor.java:642)
at java.base/java.lang.Thread.run(Thread.java:1570)
]]>
    </failure>
  </testcase> <!-- clickArraysInPythonLink -->
  <testcase classname="tests.ArraysTestCases" name="clickArraysInPythonLink" time="1.097">
    <skipped/>
  </testcase> <!-- clickArraysInPythonLink -->
  <testcase classname="tests.ArraysTestCases" name="clickArraysInPythonLink" time="1.424">
    <skipped/>
  </testcase> <!-- clickArraysInPythonLink -->
  <testcase classname="tests.ArraysTestCases" name="clicksSubArraysInPythonLink" time="0.330"/>
  <testcase classname="tests.ArraysTestCases" name="clicksArraysPhythonTryHereLink" time="0.649"/>
  <testcase classname="tests.ArraysTestCases" name="checkArraysPhythonTryHereLink" time="0.522"/>
  <testcase classname="tests.ArraysTestCases" name="clicksArraysUsingListLink" time="1.155"/>
  <testcase classname="tests.ArraysTestCases" name="clicksSubArraysUsingListLink" time="0.391"/>
  <testcase classname="tests.ArraysTestCases" name="clicksArraysUsingTryHereLink" time="0.376"/>
  <testcase classname="tests.ArraysTestCases" name="checkArraysUsingTryHereLink" time="0.520"/>
  <testcase classname="tests.ArraysTestCases" name="clicksBasicOperationsInListsLink" time="1.067"/>
  <testcase classname="tests.ArraysTestCases" name="clicksSubBasicOperationsInListsLink" time="0.383"/>
  <testcase classname="tests.ArraysTestCases" name="clicksBasicOperationsTryHereLink" time="0.382"/>
  <testcase classname="tests.ArraysTestCases" name="checkBasicOperationsTryHereLink" time="0.476"/>
  <testcase classname="tests.ArraysTestCases" name="clicksApplicationsOfArrayLink" time="1.528"/>
  <testcase classname="tests.ArraysTestCases" name="clicksSubApplicationsOfArrayLink" time="0.331"/>
  <testcase classname="tests.ArraysTestCases" name="clickApplicationArrayTryHereLink" time="0.360"/>
  <testcase classname="tests.ArraysTestCases" name="checkApplicationArrayTryHereLink" time="0.547"/>
  <testcase classname="tests.ArraysTestCases" name="clicksSubPracticeLink" time="1.471"/>
  <testcase classname="tests.ArraysTestCases" name="VerifySearchArrayLink" time="0.400"/>
  <testcase classname="tests.ArraysTestCases" name="executeClicksSearchArrayLink" time="0.579"/>
  <testcase classname="tests.ArraysTestCases" name="verifyClicksMaxConsecutiveOnesLink" time="1.597"/>
  <testcase classname="tests.ArraysTestCases" name="executeClicksMaxConsecutiveOnesLink" time="0.601"/>
  <testcase classname="tests.ArraysTestCases" name="verifyClicksFindEvenLink" time="1.605"/>
  <testcase classname="tests.ArraysTestCases" name="executeClicksFindEvenLink" time="0.768"/>
  <testcase classname="tests.ArraysTestCases" name="verifySortedArrayLink" time="1.802"/>
  <testcase classname="tests.ArraysTestCases" name="executeClicksSortedArrayLink" time="0.798"/>
</testsuite> <!-- tests.ArraysTestCases -->
