<?xml version="1.0" encoding="UTF-8"?>
<!-- Generated by org.testng.reporters.JUnitReportReporter -->
<testsuite hostname="Joanna" failures="0" tests="29" name="tests.LinkedListCases" time="16.453" errors="0" timestamp="2024-12-13T21:59:53 GMT-05:00" skipped="0">
  <testcase classname="tests.LinkedListCases" name="clicksIntroductionLink" time="1.455"/>
  <testcase classname="tests.LinkedListCases" name="clicksSubIntroductionLink" time="0.675"/>
  <testcase classname="tests.LinkedListCases" name="clicksSubIntroductionLinkTryHere" time="0.737"/>
  <testcase classname="tests.LinkedListCases" name="executeSubIntroductionLinkTryHere" time="0.823"/>
  <testcase classname="tests.LinkedListCases" name="clicksCreateLinkedListLink" time="1.245"/>
  <testcase classname="tests.LinkedListCases" name="clicksSubCreatingLinkedListLink" time="0.282"/>
  <testcase classname="tests.LinkedListCases" name="clicksSubCreatingLinkTryHere" time="0.316"/>
  <testcase classname="tests.LinkedListCases" name="executeSubCreatingLinkTryHere" time="0.416"/>
  <testcase classname="tests.LinkedListCases" name="clicksTypesLinkedLink" time="0.892"/>
  <testcase classname="tests.LinkedListCases" name="clicksSubTypesOfLinkedListLink" time="0.317"/>
  <testcase classname="tests.LinkedListCases" name="clicksSubTypesOfLinkTryHere" time="0.390"/>
  <testcase classname="tests.LinkedListCases" name="executeSubTypesOfLinkTryHere" time="0.428"/>
  <testcase classname="tests.LinkedListCases" name="clicksImplementLinkedLink" time="1.357"/>
  <testcase classname="tests.LinkedListCases" name="user_clicks_on_sub_implement_link" time="0.358"/>
  <testcase classname="tests.LinkedListCases" name="clicksSubImplementLinkTryHere" time="0.429"/>
  <testcase classname="tests.LinkedListCases" name="executeSubImplementLinkTryHere" time="0.355"/>
  <testcase classname="tests.LinkedListCases" name="clicksTraversalLinkedListLink" time="0.759"/>
  <testcase classname="tests.LinkedListCases" name="user_clicks_on_traverse_sub_linked_list_link" time="0.263"/>
  <testcase classname="tests.LinkedListCases" name="clicksSubTraversalLinkTryHere" time="0.350"/>
  <testcase classname="tests.LinkedListCases" name="executeSubTraversalLinkTryHere" time="0.420"/>
  <testcase classname="tests.LinkedListCases" name="clicksInsertLinkedListLink" time="0.708"/>
  <testcase classname="tests.LinkedListCases" name="user_clicks_on_sub_insert_linked_list_link" time="0.221"/>
  <testcase classname="tests.LinkedListCases" name="clicksSubInsertLinkTryHere" time="0.269"/>
  <testcase classname="tests.LinkedListCases" name="executeInsertOfLinkTryHere" time="0.309"/>
  <testcase classname="tests.LinkedListCases" name="clicksDeleteLinkedListLink" time="0.773"/>
  <testcase classname="tests.LinkedListCases" name="user_clicks_on_sub_delete_linked_list_link" time="0.266"/>
  <testcase classname="tests.LinkedListCases" name="clicksSubDeleteLinkTryHere" time="0.301"/>
  <testcase classname="tests.LinkedListCases" name="executeSubDeleteLinkTryHere" time="0.377"/>
  <testcase classname="tests.LinkedListCases" name="user_clicks_on_sub_linked_practice_question_link" time="0.962"/>
</testsuite> <!-- tests.LinkedListCases -->
