<?xml version="1.0" encoding="UTF-8"?>
<!-- Generated by org.testng.reporters.JUnitReportReporter -->
<testsuite hostname="Joanna" failures="0" tests="9" name="tests.GraphTestCases" time="8.057" errors="0" timestamp="2024-12-16T14:27:10 GMT-05:00" skipped="0">
  <testcase classname="tests.GraphTestCases" name="user_clicks_on_graph_link" time="1.541"/>
  <testcase classname="tests.GraphTestCases" name="user_clicks_on_sub_graph_link" time="0.399"/>
  <testcase classname="tests.GraphTestCases" name="clicksGraphLinkTryHere" time="0.912"/>
  <testcase classname="tests.GraphTestCases" name="executeGraphLinkTryHere" time="0.690"/>
  <testcase classname="tests.GraphTestCases" name="user_clicks_on_graph_represent_link" time="1.188"/>
  <testcase classname="tests.GraphTestCases" name="user_clicks_on_sub_graph_represent_link" time="0.348"/>
  <testcase classname="tests.GraphTestCases" name="clicksGraphRepresentLinkTryHere" time="0.451"/>
  <testcase classname="tests.GraphTestCases" name="executeGraphRepresentLinkTryHere" time="0.754"/>
  <testcase classname="tests.GraphTestCases" name="user_clicks_on_graph_practice_test_link" time="1.774"/>
</testsuite> <!-- tests.GraphTestCases -->
