<?xml version="1.0" encoding="UTF-8"?>
<!-- Generated by org.testng.reporters.JUnitReportReporter -->
<testsuite hostname="Joanna" failures="0" tests="19" name="tests.GraphTestCases" time="9.579" errors="0" timestamp="2024-12-16T21:56:33 GMT-05:00" skipped="0">
  <testcase classname="tests.GraphTestCases" name="user_clicks_on_graph_link" time="0.819"/>
  <testcase classname="tests.GraphTestCases" name="user_clicks_on_sub_graph_link" time="0.233"/>
  <testcase classname="tests.GraphTestCases" name="clicksGraphLinkTryHere" time="0.324"/>
  <testcase classname="tests.GraphTestCases" name="executeGraphLinkTryHere" time="0.467"/>
  <testcase classname="tests.GraphTestCases" name="executeGraphLinkTryHere" time="0.506"/>
  <testcase classname="tests.GraphTestCases" name="executeGraphLinkTryHere" time="0.446"/>
  <testcase classname="tests.GraphTestCases" name="executeGraphLinkTryHere" time="0.434"/>
  <testcase classname="tests.GraphTestCases" name="executeGraphLinkTryHere" time="0.408"/>
  <testcase classname="tests.GraphTestCases" name="executeGraphLinkTryHere" time="0.458"/>
  <testcase classname="tests.GraphTestCases" name="user_clicks_on_graph_represent_link" time="1.002"/>
  <testcase classname="tests.GraphTestCases" name="user_clicks_on_sub_graph_represent_link" time="0.301"/>
  <testcase classname="tests.GraphTestCases" name="clicksGraphRepresentLinkTryHere" time="0.346"/>
  <testcase classname="tests.GraphTestCases" name="executeGraphRepresentLinkTryHere" time="0.545"/>
  <testcase classname="tests.GraphTestCases" name="executeGraphRepresentLinkTryHere" time="0.476"/>
  <testcase classname="tests.GraphTestCases" name="executeGraphRepresentLinkTryHere" time="0.458"/>
  <testcase classname="tests.GraphTestCases" name="executeGraphRepresentLinkTryHere" time="0.466"/>
  <testcase classname="tests.GraphTestCases" name="executeGraphRepresentLinkTryHere" time="0.496"/>
  <testcase classname="tests.GraphTestCases" name="executeGraphRepresentLinkTryHere" time="0.451"/>
  <testcase classname="tests.GraphTestCases" name="user_clicks_on_graph_practice_test_link" time="0.943"/>
</testsuite> <!-- tests.GraphTestCases -->
