<?xml version="1.0" encoding="UTF-8"?>
<!-- Generated by org.testng.reporters.JUnitReportReporter -->
<testsuite hostname="Joanna" failures="0" tests="17" name="tests.QueueTestcases" time="11.908" errors="0" timestamp="2024-12-16T14:57:16 GMT-05:00" skipped="0">
  <testcase classname="tests.QueueTestcases" name="user_clicks_on_implement_queue_link" time="1.498"/>
  <testcase classname="tests.QueueTestcases" name="user_clicks_sub_implement_queue_link" time="0.378"/>
  <testcase classname="tests.QueueTestcases" name="clicksubImplementQueueTryHere" time="1.140"/>
  <testcase classname="tests.QueueTestcases" name="executeImpleQueueTryHere" time="0.649"/>
  <testcase classname="tests.QueueTestcases" name="user_clicks_on_implement_de_que_link" time="1.051"/>
  <testcase classname="tests.QueueTestcases" name="user_clicks_sub_implement_de_que_link" time="0.332"/>
  <testcase classname="tests.QueueTestcases" name="clicksubImplementDeQueueTryHere" time="0.444"/>
  <testcase classname="tests.QueueTestcases" name="executeImpleDeQueueTryHere" time="0.646"/>
  <testcase classname="tests.QueueTestcases" name="user_clicks_on_implement_array_link" time="1.205"/>
  <testcase classname="tests.QueueTestcases" name="user_clicks_Sub_implement_array_link" time="0.447"/>
  <testcase classname="tests.QueueTestcases" name="clicksubImplementArrayTryHere" time="0.445"/>
  <testcase classname="tests.QueueTestcases" name="executeImpleArrayTryHere" time="0.613"/>
  <testcase classname="tests.QueueTestcases" name="user_clicks_on_queue_operation_link" time="0.786"/>
  <testcase classname="tests.QueueTestcases" name="user_clicks_sub_queue_operation_link" time="0.265"/>
  <testcase classname="tests.QueueTestcases" name="clicksubQueueOperationsTryHere" time="0.324"/>
  <testcase classname="tests.QueueTestcases" name="executeQueueOperationsTryHere" time="0.598"/>
  <testcase classname="tests.QueueTestcases" name="user_clicks_on_queue_practise_test_link" time="1.087"/>
</testsuite> <!-- tests.QueueTestcases -->
