<?xml version="1.0" encoding="UTF-8"?>
<!-- Generated by org.testng.reporters.JUnitReportReporter -->
<testsuite hostname="Joanna" failures="2" tests="51" name="tests.ArraysTestCases" time="36.195" errors="0" timestamp="2024-12-16T21:56:33 GMT-05:00" skipped="6">
  <testcase classname="tests.ArraysTestCases" name="clickArraysInPythonLink" time="1.244">
    <skipped/>
  </testcase> <!-- clickArraysInPythonLink -->
  <testcase classname="tests.ArraysTestCases" name="clickArraysInPythonLink" time="0.909">
    <failure message="expected [Arraysw in Python] but found [Arrays in Python]" type="java.lang.AssertionError">
      <![CDATA[java.lang.AssertionError: expected [Arraysw in Python] but found [Arrays in Python]
at org.testng.Assert.fail(Assert.java:111)
at org.testng.Assert.failNotEquals(Assert.java:1578)
at org.testng.Assert.assertEqualsImpl(Assert.java:150)
at org.testng.Assert.assertEquals(Assert.java:132)
at org.testng.Assert.assertEquals(Assert.java:656)
at org.testng.Assert.assertEquals(Assert.java:666)
at tests.ArraysTestCases.clickArraysInPythonLink(ArraysTestCases.java:51)
at java.base/jdk.internal.reflect.DirectMethodHandleAccessor.invoke(DirectMethodHandleAccessor.java:103)
at java.base/java.lang.reflect.Method.invoke(Method.java:580)
at org.testng.internal.invokers.MethodInvocationHelper.invokeMethod(MethodInvocationHelper.java:141)
at org.testng.internal.invokers.TestInvoker.invokeMethod(TestInvoker.java:686)
at org.testng.internal.invokers.TestInvoker.retryFailed(TestInvoker.java:269)
at org.testng.internal.invokers.MethodRunner.runInSequence(MethodRunner.java:76)
at org.testng.internal.invokers.TestInvoker$MethodInvocationAgent.invoke(TestInvoker.java:992)
at org.testng.internal.invokers.TestInvoker.invokeTestMethods(TestInvoker.java:203)
at org.testng.internal.invokers.TestMethodWorker.invokeTestMethods(TestMethodWorker.java:154)
at org.testng.internal.invokers.TestMethodWorker.run(TestMethodWorker.java:134)
at java.base/java.util.ArrayList.forEach(ArrayList.java:1597)
at org.testng.TestRunner.privateRun(TestRunner.java:739)
at org.testng.TestRunner.run(TestRunner.java:614)
at org.testng.SuiteRunner.runTest(SuiteRunner.java:421)
at org.testng.SuiteRunner.runSequentially(SuiteRunner.java:413)
at org.testng.SuiteRunner.privateRun(SuiteRunner.java:373)
at org.testng.SuiteRunner.run(SuiteRunner.java:312)
at org.testng.SuiteRunnerWorker.runSuite(SuiteRunnerWorker.java:52)
at org.testng.SuiteRunnerWorker.run(SuiteRunnerWorker.java:95)
at org.testng.TestNG.runSuitesSequentially(TestNG.java:1274)
at org.testng.TestNG.runSuitesLocally(TestNG.java:1208)
at org.testng.TestNG.runSuites(TestNG.java:1112)
at org.testng.TestNG.run(TestNG.java:1079)
at org.testng.remote.AbstractRemoteTestNG.run(AbstractRemoteTestNG.java:115)
at org.testng.remote.RemoteTestNG.initAndRun(RemoteTestNG.java:293)
at org.testng.remote.RemoteTestNG.main(RemoteTestNG.java:91)
]]>
    </failure>
  </testcase> <!-- clickArraysInPythonLink -->
  <testcase classname="tests.ArraysTestCases" name="clickArraysInPythonLink" time="0.886">
    <skipped/>
  </testcase> <!-- clickArraysInPythonLink -->
  <testcase classname="tests.ArraysTestCases" name="clickArraysInPythonLink" time="0.975">
    <skipped/>
  </testcase> <!-- clickArraysInPythonLink -->
  <testcase classname="tests.ArraysTestCases" name="clicksSubArraysInPythonLink" time="10.370">
    <skipped/>
  </testcase> <!-- clicksSubArraysInPythonLink -->
  <testcase classname="tests.ArraysTestCases" name="clicksSubArraysInPythonLink" time="0.239">
    <skipped/>
  </testcase> <!-- clicksSubArraysInPythonLink -->
  <testcase classname="tests.ArraysTestCases" name="clicksSubArraysInPythonLink" time="0.240">
    <skipped/>
  </testcase> <!-- clicksSubArraysInPythonLink -->
  <testcase classname="tests.ArraysTestCases" name="clicksSubArraysInPythonLink" time="0.209">
    <failure message="expected [Arraysw in Python] but found [Arrays in Python]" type="java.lang.AssertionError">
      <![CDATA[java.lang.AssertionError: expected [Arraysw in Python] but found [Arrays in Python]
at org.testng.Assert.fail(Assert.java:111)
at org.testng.Assert.failNotEquals(Assert.java:1578)
at org.testng.Assert.assertEqualsImpl(Assert.java:150)
at org.testng.Assert.assertEquals(Assert.java:132)
at org.testng.Assert.assertEquals(Assert.java:656)
at org.testng.Assert.assertEquals(Assert.java:666)
at tests.ArraysTestCases.clicksSubArraysInPythonLink(ArraysTestCases.java:61)
at java.base/jdk.internal.reflect.DirectMethodHandleAccessor.invoke(DirectMethodHandleAccessor.java:103)
at java.base/java.lang.reflect.Method.invoke(Method.java:580)
at org.testng.internal.invokers.MethodInvocationHelper.invokeMethod(MethodInvocationHelper.java:141)
at org.testng.internal.invokers.TestInvoker.invokeMethod(TestInvoker.java:686)
at org.testng.internal.invokers.TestInvoker.retryFailed(TestInvoker.java:269)
at org.testng.internal.invokers.MethodRunner.runInSequence(MethodRunner.java:76)
at org.testng.internal.invokers.TestInvoker$MethodInvocationAgent.invoke(TestInvoker.java:992)
at org.testng.internal.invokers.TestInvoker.invokeTestMethods(TestInvoker.java:203)
at org.testng.internal.invokers.TestMethodWorker.invokeTestMethods(TestMethodWorker.java:154)
at org.testng.internal.invokers.TestMethodWorker.run(TestMethodWorker.java:134)
at java.base/java.util.ArrayList.forEach(ArrayList.java:1597)
at org.testng.TestRunner.privateRun(TestRunner.java:739)
at org.testng.TestRunner.run(TestRunner.java:614)
at org.testng.SuiteRunner.runTest(SuiteRunner.java:421)
at org.testng.SuiteRunner.runSequentially(SuiteRunner.java:413)
at org.testng.SuiteRunner.privateRun(SuiteRunner.java:373)
at org.testng.SuiteRunner.run(SuiteRunner.java:312)
at org.testng.SuiteRunnerWorker.runSuite(SuiteRunnerWorker.java:52)
at org.testng.SuiteRunnerWorker.run(SuiteRunnerWorker.java:95)
at org.testng.TestNG.runSuitesSequentially(TestNG.java:1274)
at org.testng.TestNG.runSuitesLocally(TestNG.java:1208)
at org.testng.TestNG.runSuites(TestNG.java:1112)
at org.testng.TestNG.run(TestNG.java:1079)
at org.testng.remote.AbstractRemoteTestNG.run(AbstractRemoteTestNG.java:115)
at org.testng.remote.RemoteTestNG.initAndRun(RemoteTestNG.java:293)
at org.testng.remote.RemoteTestNG.main(RemoteTestNG.java:91)
]]>
    </failure>
  </testcase> <!-- clicksSubArraysInPythonLink -->
  <testcase classname="tests.ArraysTestCases" name="clicksArraysPhythonTryHereLink" time="0.279"/>
  <testcase classname="tests.ArraysTestCases" name="checkArraysPhythonTryHereLink" time="0.417"/>
  <testcase classname="tests.ArraysTestCases" name="checkArraysPhythonTryHereLink" time="0.378"/>
  <testcase classname="tests.ArraysTestCases" name="checkArraysPhythonTryHereLink" time="0.412"/>
  <testcase classname="tests.ArraysTestCases" name="checkArraysPhythonTryHereLink" time="0.389"/>
  <testcase classname="tests.ArraysTestCases" name="checkArraysPhythonTryHereLink" time="0.375"/>
  <testcase classname="tests.ArraysTestCases" name="checkArraysPhythonTryHereLink" time="0.397"/>
  <testcase classname="tests.ArraysTestCases" name="clicksArraysUsingListLink" time="0.757"/>
  <testcase classname="tests.ArraysTestCases" name="clicksSubArraysUsingListLink" time="0.250"/>
  <testcase classname="tests.ArraysTestCases" name="clicksArraysUsingTryHereLink" time="0.252"/>
  <testcase classname="tests.ArraysTestCases" name="checkArraysUsingTryHereLink" time="0.353"/>
  <testcase classname="tests.ArraysTestCases" name="checkArraysUsingTryHereLink" time="0.449"/>
  <testcase classname="tests.ArraysTestCases" name="checkArraysUsingTryHereLink" time="0.466"/>
  <testcase classname="tests.ArraysTestCases" name="checkArraysUsingTryHereLink" time="0.371"/>
  <testcase classname="tests.ArraysTestCases" name="checkArraysUsingTryHereLink" time="0.385"/>
  <testcase classname="tests.ArraysTestCases" name="checkArraysUsingTryHereLink" time="0.371"/>
  <testcase classname="tests.ArraysTestCases" name="clicksBasicOperationsInListsLink" time="0.613"/>
  <testcase classname="tests.ArraysTestCases" name="clicksSubBasicOperationsInListsLink" time="0.227"/>
  <testcase classname="tests.ArraysTestCases" name="clicksBasicOperationsTryHereLink" time="0.241"/>
  <testcase classname="tests.ArraysTestCases" name="checkBasicOperationsTryHereLink" time="0.358"/>
  <testcase classname="tests.ArraysTestCases" name="checkBasicOperationsTryHereLink" time="0.356"/>
  <testcase classname="tests.ArraysTestCases" name="checkBasicOperationsTryHereLink" time="0.359"/>
  <testcase classname="tests.ArraysTestCases" name="checkBasicOperationsTryHereLink" time="0.366"/>
  <testcase classname="tests.ArraysTestCases" name="checkBasicOperationsTryHereLink" time="0.381"/>
  <testcase classname="tests.ArraysTestCases" name="checkBasicOperationsTryHereLink" time="0.417"/>
  <testcase classname="tests.ArraysTestCases" name="clicksApplicationsOfArrayLink" time="0.822"/>
  <testcase classname="tests.ArraysTestCases" name="clicksSubApplicationsOfArrayLink" time="0.241"/>
  <testcase classname="tests.ArraysTestCases" name="clickApplicationArrayTryHereLink" time="0.259"/>
  <testcase classname="tests.ArraysTestCases" name="checkApplicationArrayTryHereLink" time="0.374"/>
  <testcase classname="tests.ArraysTestCases" name="checkApplicationArrayTryHereLink" time="0.339"/>
  <testcase classname="tests.ArraysTestCases" name="checkApplicationArrayTryHereLink" time="0.408"/>
  <testcase classname="tests.ArraysTestCases" name="checkApplicationArrayTryHereLink" time="0.348"/>
  <testcase classname="tests.ArraysTestCases" name="checkApplicationArrayTryHereLink" time="0.473"/>
  <testcase classname="tests.ArraysTestCases" name="checkApplicationArrayTryHereLink" time="0.395"/>
  <testcase classname="tests.ArraysTestCases" name="clicksSubPracticeLink" time="1.158"/>
  <testcase classname="tests.ArraysTestCases" name="VerifySearchArrayLink" time="0.301"/>
  <testcase classname="tests.ArraysTestCases" name="executeClicksSearchArrayLink" time="0.699"/>
  <testcase classname="tests.ArraysTestCases" name="verifyClicksMaxConsecutiveOnesLink" time="1.311"/>
  <testcase classname="tests.ArraysTestCases" name="executeClicksMaxConsecutiveOnesLink" time="0.640"/>
  <testcase classname="tests.ArraysTestCases" name="verifyClicksFindEvenLink" time="1.272"/>
  <testcase classname="tests.ArraysTestCases" name="executeClicksFindEvenLink" time="0.630"/>
  <testcase classname="tests.ArraysTestCases" name="verifySortedArrayLink" time="1.221"/>
  <testcase classname="tests.ArraysTestCases" name="executeClicksSortedArrayLink" time="0.613"/>
</testsuite> <!-- tests.ArraysTestCases -->
