<?xml version="1.0" encoding="UTF-8"?>
<!-- Generated by org.testng.reporters.JUnitReportReporter -->
<testsuite hostname="Joanna" failures="0" tests="53" name="tests.TreeTestCases" time="30.720" errors="0" timestamp="2024-12-16T14:57:16 GMT-05:00" skipped="0">
  <testcase classname="tests.TreeTestCases" name="user_clicks_on_tree_overview_link" time="1.528"/>
  <testcase classname="tests.TreeTestCases" name="user_clicks_sub_tree_overview_link" time="0.442"/>
  <testcase classname="tests.TreeTestCases" name="clicksTreeOverviewLinkTryHere" time="1.051"/>
  <testcase classname="tests.TreeTestCases" name="executeTreeOverviewLinkTryHere" time="0.665"/>
  <testcase classname="tests.TreeTestCases" name="user_clicks_on_terminologies_link" time="1.098"/>
  <testcase classname="tests.TreeTestCases" name="user_clicks_sub_terminologies_link" time="0.326"/>
  <testcase classname="tests.TreeTestCases" name="clicksTreeTerminologyLinkTryHere" time="0.503"/>
  <testcase classname="tests.TreeTestCases" name="executeTreeTerminologyLinkTryHere" time="0.503"/>
  <testcase classname="tests.TreeTestCases" name="user_clicks_on_types_trees_link" time="1.239"/>
  <testcase classname="tests.TreeTestCases" name="user_clicks_sub_types_trees_link" time="0.387"/>
  <testcase classname="tests.TreeTestCases" name="clicksTreeTypesOfLinkTryHere" time="0.426"/>
  <testcase classname="tests.TreeTestCases" name="executeTreeTypesOfLinkTryHere" time="0.606"/>
  <testcase classname="tests.TreeTestCases" name="user_clicks_on_traversals_link" time="0.881"/>
  <testcase classname="tests.TreeTestCases" name="user_clicks_sub_traversals_link" time="0.241"/>
  <testcase classname="tests.TreeTestCases" name="clicksTreeTraversalLinkTryHere" time="0.409"/>
  <testcase classname="tests.TreeTestCases" name="executeTreeTraversalLinkTryHere" time="0.530"/>
  <testcase classname="tests.TreeTestCases" name="user_clicks_on_illustration_link" time="0.858"/>
  <testcase classname="tests.TreeTestCases" name="user_clicks_sub_illustration_link" time="0.287"/>
  <testcase classname="tests.TreeTestCases" name="clicksTreeIllustrationLinkTryHere" time="0.328"/>
  <testcase classname="tests.TreeTestCases" name="executeTreeIllustrationLinkTryHere" time="0.487"/>
  <testcase classname="tests.TreeTestCases" name="user_clicks_on_binary_tree_link" time="0.832"/>
  <testcase classname="tests.TreeTestCases" name="user_clicks_sub_binary_tree_link" time="0.304"/>
  <testcase classname="tests.TreeTestCases" name="clicksTreeBinaryTreeLinkTryHere" time="0.337"/>
  <testcase classname="tests.TreeTestCases" name="executeTreeBinaryTreeLinkTryHere" time="0.426"/>
  <testcase classname="tests.TreeTestCases" name="user_clicks_on_types_binary_link" time="0.932"/>
  <testcase classname="tests.TreeTestCases" name="user_clicks_sub_types_binary_link" time="0.246"/>
  <testcase classname="tests.TreeTestCases" name="clicksTreeTypesBinaryLinkTryHere" time="0.355"/>
  <testcase classname="tests.TreeTestCases" name="executeTreeTypesBinaryLinkTryHere" time="0.431"/>
  <testcase classname="tests.TreeTestCases" name="user_clicks_on_impl_python_link" time="0.791"/>
  <testcase classname="tests.TreeTestCases" name="user_clicks_sub_impl_python_link" time="0.296"/>
  <testcase classname="tests.TreeTestCases" name="clicksTreeImplPythonLinkTryHere" time="0.436"/>
  <testcase classname="tests.TreeTestCases" name="executeTreeImplPythonLinkTryHere" time="0.569"/>
  <testcase classname="tests.TreeTestCases" name="user_clicks_on_binary_traversals_link" time="0.894"/>
  <testcase classname="tests.TreeTestCases" name="user_clicks_sub_binary_traversals_link" time="0.403"/>
  <testcase classname="tests.TreeTestCases" name="clicksTreeBinaryTraversalLinkTryHere" time="0.437"/>
  <testcase classname="tests.TreeTestCases" name="executeTreeBinaryTraversalLinkTryHere" time="0.525"/>
  <testcase classname="tests.TreeTestCases" name="user_clicks_on_impl_binary_trees_link" time="0.838"/>
  <testcase classname="tests.TreeTestCases" name="user_clicks_sub_impl_binary_trees_link" time="0.321"/>
  <testcase classname="tests.TreeTestCases" name="clicksTreeImplBinaryLinkTryHere" time="0.369"/>
  <testcase classname="tests.TreeTestCases" name="executeTreeImplBinaryLinkTryHere" time="0.533"/>
  <testcase classname="tests.TreeTestCases" name="user_clicks_on_appl_binary_tree_link" time="0.846"/>
  <testcase classname="tests.TreeTestCases" name="user_clicks_sub_appl_binary_tree_link" time="0.339"/>
  <testcase classname="tests.TreeTestCases" name="clicksTreeApplBinaryLinkTryHere" time="0.438"/>
  <testcase classname="tests.TreeTestCases" name="executeTreeTreeApplBinaryLinkTryHere" time="0.729"/>
  <testcase classname="tests.TreeTestCases" name="user_clicks_on_binary_search_link" time="0.914"/>
  <testcase classname="tests.TreeTestCases" name="user_clicks_sub_binary_search_link" time="0.354"/>
  <testcase classname="tests.TreeTestCases" name="clicksTreeBinarySearchLinkTryHere" time="0.373"/>
  <testcase classname="tests.TreeTestCases" name="executeTreeBinarySearchLinkTryHere" time="0.452"/>
  <testcase classname="tests.TreeTestCases" name="user_clicks_on_impl_binary_search_link" time="0.837"/>
  <testcase classname="tests.TreeTestCases" name="user_clicks_sub_impl_binary_search_link" time="0.338"/>
  <testcase classname="tests.TreeTestCases" name="clicksTreeimplBinSearchLinkTryHere" time="0.459"/>
  <testcase classname="tests.TreeTestCases" name="executeTreeimplBinSearchLinkTryHere" time="0.473"/>
  <testcase classname="tests.TreeTestCases" name="user_clicks_on_tree_practice_questions_link" time="1.098"/>
</testsuite> <!-- tests.TreeTestCases -->
