<?xml version="1.0" encoding="UTF-8"?>
<!-- Generated by org.testng.reporters.JUnitReportReporter -->
<testsuite hostname="Joanna" failures="0" tests="17" name="tests.QueueTestcases" time="7.596" errors="0" timestamp="2024-12-13T10:58:42 GMT-05:00" skipped="0">
  <testcase classname="tests.QueueTestcases" name="user_clicks_on_implement_queue_link" time="0.817"/>
  <testcase classname="tests.QueueTestcases" name="user_clicks_sub_implement_queue_link" time="0.215"/>
  <testcase classname="tests.QueueTestcases" name="clicksubImplementQueueTryHere" time="0.583"/>
  <testcase classname="tests.QueueTestcases" name="executeImpleQueueTryHere" time="0.434"/>
  <testcase classname="tests.QueueTestcases" name="user_clicks_on_implement_de_que_link" time="0.709"/>
  <testcase classname="tests.QueueTestcases" name="user_clicks_sub_implement_de_que_link" time="0.223"/>
  <testcase classname="tests.QueueTestcases" name="clicksubImplementDeQueueTryHere" time="0.300"/>
  <testcase classname="tests.QueueTestcases" name="executeImpleDeQueueTryHere" time="0.349"/>
  <testcase classname="tests.QueueTestcases" name="user_clicks_on_implement_array_link" time="0.634"/>
  <testcase classname="tests.QueueTestcases" name="user_clicks_Sub_implement_array_link" time="0.228"/>
  <testcase classname="tests.QueueTestcases" name="clicksubImplementArrayTryHere" time="0.267"/>
  <testcase classname="tests.QueueTestcases" name="executeImpleArrayTryHere" time="0.291"/>
  <testcase classname="tests.QueueTestcases" name="user_clicks_on_queue_operation_link" time="0.725"/>
  <testcase classname="tests.QueueTestcases" name="user_clicks_sub_queue_operation_link" time="0.210"/>
  <testcase classname="tests.QueueTestcases" name="clicksubQueueOperationsTryHere" time="0.306"/>
  <testcase classname="tests.QueueTestcases" name="executeQueueOperationsTryHere" time="0.379"/>
  <testcase classname="tests.QueueTestcases" name="user_clicks_on_queue_practise_test_link" time="0.926"/>
</testsuite> <!-- tests.QueueTestcases -->
