<?xml version="1.0" encoding="UTF-8"?>
<!-- Generated by org.testng.reporters.JUnitReportReporter -->
<testsuite hostname="Joanna" failures="0" tests="64" name="tests.LinkedListCases" time="31.055" errors="0" timestamp="2024-12-16T21:56:33 GMT-05:00" skipped="0">
  <testcase classname="tests.LinkedListCases" name="clicksIntroductionLink" time="0.808"/>
  <testcase classname="tests.LinkedListCases" name="clicksSubIntroductionLink" time="0.278"/>
  <testcase classname="tests.LinkedListCases" name="clicksSubIntroductionLinkTryHere" time="0.383"/>
  <testcase classname="tests.LinkedListCases" name="executeSubIntroductionLinkTryHere" time="0.544"/>
  <testcase classname="tests.LinkedListCases" name="executeSubIntroductionLinkTryHere" time="0.455"/>
  <testcase classname="tests.LinkedListCases" name="executeSubIntroductionLinkTryHere" time="0.456"/>
  <testcase classname="tests.LinkedListCases" name="executeSubIntroductionLinkTryHere" time="0.446"/>
  <testcase classname="tests.LinkedListCases" name="executeSubIntroductionLinkTryHere" time="0.421"/>
  <testcase classname="tests.LinkedListCases" name="executeSubIntroductionLinkTryHere" time="0.505"/>
  <testcase classname="tests.LinkedListCases" name="clicksCreateLinkedListLink" time="0.809"/>
  <testcase classname="tests.LinkedListCases" name="clicksSubCreatingLinkedListLink" time="0.321"/>
  <testcase classname="tests.LinkedListCases" name="clicksSubCreatingLinkTryHere" time="0.337"/>
  <testcase classname="tests.LinkedListCases" name="executeSubCreatingLinkTryHere" time="0.434"/>
  <testcase classname="tests.LinkedListCases" name="executeSubCreatingLinkTryHere" time="0.462"/>
  <testcase classname="tests.LinkedListCases" name="executeSubCreatingLinkTryHere" time="0.384"/>
  <testcase classname="tests.LinkedListCases" name="executeSubCreatingLinkTryHere" time="0.443"/>
  <testcase classname="tests.LinkedListCases" name="executeSubCreatingLinkTryHere" time="0.383"/>
  <testcase classname="tests.LinkedListCases" name="executeSubCreatingLinkTryHere" time="0.448"/>
  <testcase classname="tests.LinkedListCases" name="clicksTypesLinkedLink" time="0.905"/>
  <testcase classname="tests.LinkedListCases" name="clicksSubTypesOfLinkedListLink" time="0.286"/>
  <testcase classname="tests.LinkedListCases" name="clicksSubTypesOfLinkTryHere" time="0.336"/>
  <testcase classname="tests.LinkedListCases" name="executeSubTypesOfLinkTryHere" time="0.444"/>
  <testcase classname="tests.LinkedListCases" name="executeSubTypesOfLinkTryHere" time="0.433"/>
  <testcase classname="tests.LinkedListCases" name="executeSubTypesOfLinkTryHere" time="0.506"/>
  <testcase classname="tests.LinkedListCases" name="executeSubTypesOfLinkTryHere" time="0.461"/>
  <testcase classname="tests.LinkedListCases" name="executeSubTypesOfLinkTryHere" time="0.429"/>
  <testcase classname="tests.LinkedListCases" name="executeSubTypesOfLinkTryHere" time="0.443"/>
  <testcase classname="tests.LinkedListCases" name="clicksImplementLinkedLink" time="0.767"/>
  <testcase classname="tests.LinkedListCases" name="user_clicks_on_sub_implement_link" time="0.278"/>
  <testcase classname="tests.LinkedListCases" name="clicksSubImplementLinkTryHere" time="0.340"/>
  <testcase classname="tests.LinkedListCases" name="executeSubImplementLinkTryHere" time="0.542"/>
  <testcase classname="tests.LinkedListCases" name="executeSubImplementLinkTryHere" time="0.486"/>
  <testcase classname="tests.LinkedListCases" name="executeSubImplementLinkTryHere" time="0.412"/>
  <testcase classname="tests.LinkedListCases" name="executeSubImplementLinkTryHere" time="0.502"/>
  <testcase classname="tests.LinkedListCases" name="executeSubImplementLinkTryHere" time="0.388"/>
  <testcase classname="tests.LinkedListCases" name="executeSubImplementLinkTryHere" time="0.396"/>
  <testcase classname="tests.LinkedListCases" name="clicksTraversalLinkedListLink" time="0.969"/>
  <testcase classname="tests.LinkedListCases" name="user_clicks_on_traverse_sub_linked_list_link" time="0.361"/>
  <testcase classname="tests.LinkedListCases" name="clicksSubTraversalLinkTryHere" time="0.348"/>
  <testcase classname="tests.LinkedListCases" name="executeSubTraversalLinkTryHere" time="0.500"/>
  <testcase classname="tests.LinkedListCases" name="executeSubTraversalLinkTryHere" time="0.550"/>
  <testcase classname="tests.LinkedListCases" name="executeSubTraversalLinkTryHere" time="0.434"/>
  <testcase classname="tests.LinkedListCases" name="executeSubTraversalLinkTryHere" time="0.487"/>
  <testcase classname="tests.LinkedListCases" name="executeSubTraversalLinkTryHere" time="0.471"/>
  <testcase classname="tests.LinkedListCases" name="executeSubTraversalLinkTryHere" time="0.549"/>
  <testcase classname="tests.LinkedListCases" name="clicksInsertLinkedListLink" time="0.774"/>
  <testcase classname="tests.LinkedListCases" name="user_clicks_on_sub_insert_linked_list_link" time="0.306"/>
  <testcase classname="tests.LinkedListCases" name="clicksSubInsertLinkTryHere" time="0.341"/>
  <testcase classname="tests.LinkedListCases" name="executeInsertOfLinkTryHere" time="0.427"/>
  <testcase classname="tests.LinkedListCases" name="executeInsertOfLinkTryHere" time="0.477"/>
  <testcase classname="tests.LinkedListCases" name="executeInsertOfLinkTryHere" time="0.465"/>
  <testcase classname="tests.LinkedListCases" name="executeInsertOfLinkTryHere" time="0.497"/>
  <testcase classname="tests.LinkedListCases" name="executeInsertOfLinkTryHere" time="0.533"/>
  <testcase classname="tests.LinkedListCases" name="executeInsertOfLinkTryHere" time="0.491"/>
  <testcase classname="tests.LinkedListCases" name="clicksDeleteLinkedListLink" time="0.858"/>
  <testcase classname="tests.LinkedListCases" name="user_clicks_on_sub_delete_linked_list_link" time="0.281"/>
  <testcase classname="tests.LinkedListCases" name="clicksSubDeleteLinkTryHere" time="0.294"/>
  <testcase classname="tests.LinkedListCases" name="executeSubDeleteLinkTryHere" time="0.421"/>
  <testcase classname="tests.LinkedListCases" name="executeSubDeleteLinkTryHere" time="0.601"/>
  <testcase classname="tests.LinkedListCases" name="executeSubDeleteLinkTryHere" time="0.371"/>
  <testcase classname="tests.LinkedListCases" name="executeSubDeleteLinkTryHere" time="0.383"/>
  <testcase classname="tests.LinkedListCases" name="executeSubDeleteLinkTryHere" time="0.479"/>
  <testcase classname="tests.LinkedListCases" name="executeSubDeleteLinkTryHere" time="0.490"/>
  <testcase classname="tests.LinkedListCases" name="user_clicks_on_sub_linked_practice_question_link" time="1.226"/>
</testsuite> <!-- tests.LinkedListCases -->
