<?xml version="1.0" encoding="UTF-8"?>
<!-- Generated by org.testng.reporters.JUnitReportReporter -->
<testsuite hostname="Joanna" failures="0" tests="25" name="tests.StackTestcases" time="13.210" errors="0" timestamp="2024-12-16T21:56:33 GMT-05:00" skipped="0">
  <testcase classname="tests.StackTestcases" name="OperationsinStackLink" time="0.828"/>
  <testcase classname="tests.StackTestcases" name="operationtryhere" time="0.405"/>
  <testcase classname="tests.StackTestcases" name="executeoperationsTryHere" time="0.421"/>
  <testcase classname="tests.StackTestcases" name="executeoperationsTryHere" time="0.522"/>
  <testcase classname="tests.StackTestcases" name="executeoperationsTryHere" time="0.473"/>
  <testcase classname="tests.StackTestcases" name="executeoperationsTryHere" time="0.507"/>
  <testcase classname="tests.StackTestcases" name="executeoperationsTryHere" time="0.415"/>
  <testcase classname="tests.StackTestcases" name="executeoperationsTryHere" time="0.442"/>
  <testcase classname="tests.StackTestcases" name="Implementation" time="0.743"/>
  <testcase classname="tests.StackTestcases" name="Implementationtryhere" time="0.374"/>
  <testcase classname="tests.StackTestcases" name="executeImplementationTryHere" time="0.405"/>
  <testcase classname="tests.StackTestcases" name="executeImplementationTryHere" time="0.429"/>
  <testcase classname="tests.StackTestcases" name="executeImplementationTryHere" time="0.510"/>
  <testcase classname="tests.StackTestcases" name="executeImplementationTryHere" time="0.475"/>
  <testcase classname="tests.StackTestcases" name="executeImplementationTryHere" time="0.468"/>
  <testcase classname="tests.StackTestcases" name="executeImplementationTryHere" time="0.524"/>
  <testcase classname="tests.StackTestcases" name="Applications" time="0.899"/>
  <testcase classname="tests.StackTestcases" name="ApplicationsTryHere" time="0.307"/>
  <testcase classname="tests.StackTestcases" name="executeApplicationsTryHere" time="0.516"/>
  <testcase classname="tests.StackTestcases" name="executeApplicationsTryHere" time="0.447"/>
  <testcase classname="tests.StackTestcases" name="executeApplicationsTryHere" time="0.490"/>
  <testcase classname="tests.StackTestcases" name="executeApplicationsTryHere" time="0.509"/>
  <testcase classname="tests.StackTestcases" name="executeApplicationsTryHere" time="0.448"/>
  <testcase classname="tests.StackTestcases" name="executeApplicationsTryHere" time="0.561"/>
  <testcase classname="tests.StackTestcases" name="userclickspractice_question_link" time="1.092"/>
</testsuite> <!-- tests.StackTestcases -->
